\BOOKMARK [1][-]{section.1}{Introduction}{}% 1
\BOOKMARK [1][-]{section.2}{Summary of Fall Term}{}% 2
\BOOKMARK [2][-]{section*.2}{Week 3}{section.2}% 3
\BOOKMARK [2][-]{section*.3}{Week 4}{section.2}% 4
\BOOKMARK [2][-]{section*.4}{Week 5}{section.2}% 5
\BOOKMARK [2][-]{section*.5}{Week 6}{section.2}% 6
\BOOKMARK [2][-]{section*.6}{Week 7}{section.2}% 7
\BOOKMARK [2][-]{section*.7}{Week 8}{section.2}% 8
\BOOKMARK [2][-]{section*.8}{Week 9}{section.2}% 9
\BOOKMARK [2][-]{section*.9}{Week 10}{section.2}% 10
\BOOKMARK [1][-]{section.3}{A Reflection of Development Period}{}% 11
\BOOKMARK [1][-]{section.4}{Fall Term Conclusion}{}% 12
\BOOKMARK [1][-]{section.5}{Summary of Winter Term}{}% 13
\BOOKMARK [2][-]{section*.10}{Zachary DeVita}{section.5}% 14
\BOOKMARK [3][-]{section*.11}{Week 1}{section*.10}% 15
\BOOKMARK [3][-]{section*.12}{Week 2}{section*.10}% 16
\BOOKMARK [3][-]{section*.13}{Week 3}{section*.10}% 17
\BOOKMARK [3][-]{section*.16}{Week 4}{section*.10}% 18
\BOOKMARK [3][-]{section*.17}{Week 5}{section*.10}% 19
\BOOKMARK [2][-]{section*.18}{Steven Silvers}{section.5}% 20
\BOOKMARK [2][-]{section*.19}{Week 1}{section.5}% 21
\BOOKMARK [2][-]{section*.20}{Week 2}{section.5}% 22
\BOOKMARK [2][-]{section*.21}{Week 3}{section.5}% 23
\BOOKMARK [2][-]{section*.22}{Week 4}{section.5}% 24
\BOOKMARK [2][-]{section*.23}{Week 5}{section.5}% 25
\BOOKMARK [2][-]{section*.24}{Week 6}{section.5}% 26
\BOOKMARK [2][-]{section*.25}{Control Board}{section.5}% 27
\BOOKMARK [2][-]{section*.27}{Wheel System}{section.5}% 28
\BOOKMARK [2][-]{section*.28}{Obstacle Avoidance}{section.5}% 29
