\BOOKMARK [1][-]{section.1}{Introduction}{}% 1
\BOOKMARK [1][-]{section.2}{A Comparison of Languages}{}% 2
\BOOKMARK [2][-]{subsection.2.1}{Options}{section.2}% 3
\BOOKMARK [3][-]{subsubsection.2.1.1}{Assembly Language}{subsection.2.1}% 4
\BOOKMARK [3][-]{subsubsection.2.1.2}{C}{subsection.2.1}% 5
\BOOKMARK [3][-]{subsubsection.2.1.3}{C++}{subsection.2.1}% 6
\BOOKMARK [2][-]{subsection.2.2}{Goals for Use in Design}{section.2}% 7
\BOOKMARK [2][-]{subsection.2.3}{Criteria Being Evaluated}{section.2}% 8
\BOOKMARK [2][-]{subsection.2.4}{Selection}{section.2}% 9
\BOOKMARK [1][-]{section.3}{Methods of Object Recognition}{}% 10
\BOOKMARK [2][-]{subsection.3.1}{Options}{section.3}% 11
\BOOKMARK [3][-]{subsubsection.3.1.1}{Photoelectric Sensors}{subsection.3.1}% 12
\BOOKMARK [3][-]{subsubsection.3.1.2}{Ultrasonic Sensors}{subsection.3.1}% 13
\BOOKMARK [3][-]{subsubsection.3.1.3}{Image Sensing}{subsection.3.1}% 14
\BOOKMARK [2][-]{subsection.3.2}{Goals for Use in Design}{section.3}% 15
\BOOKMARK [2][-]{subsection.3.3}{Criteria Being Evaluated}{section.3}% 16
\BOOKMARK [2][-]{subsection.3.4}{Selection}{section.3}% 17
\BOOKMARK [1][-]{section.4}{Switching Modes to Locate the Pole}{}% 18
\BOOKMARK [2][-]{subsection.4.1}{Options}{section.4}% 19
\BOOKMARK [3][-]{subsubsection.4.1.1}{Capacitive Sensor}{subsection.4.1}% 20
\BOOKMARK [3][-]{subsubsection.4.1.2}{Inductive Sensor}{subsection.4.1}% 21
\BOOKMARK [3][-]{subsubsection.4.1.3}{Image Sensing}{subsection.4.1}% 22
\BOOKMARK [2][-]{subsection.4.2}{Goals for Use in Design}{section.4}% 23
\BOOKMARK [2][-]{subsection.4.3}{Criteria being evaluated}{section.4}% 24
\BOOKMARK [2][-]{subsection.4.4}{Selection}{section.4}% 25
\BOOKMARK [1][-]{section.5}{Control Board}{}% 26
\BOOKMARK [2][-]{subsection.5.1}{Options}{section.5}% 27
\BOOKMARK [2][-]{subsection.5.2}{Goals for Use}{section.5}% 28
\BOOKMARK [2][-]{subsection.5.3}{Evaluation Criteria}{section.5}% 29
\BOOKMARK [2][-]{subsection.5.4}{Discussion}{section.5}% 30
\BOOKMARK [2][-]{subsection.5.5}{Selection}{section.5}% 31
\BOOKMARK [1][-]{section.6}{Avoiding Obstacles}{}% 32
\BOOKMARK [2][-]{subsection.6.1}{Options}{section.6}% 33
\BOOKMARK [2][-]{subsection.6.2}{Goals for Use}{section.6}% 34
\BOOKMARK [2][-]{subsection.6.3}{Evaluation Criteria}{section.6}% 35
\BOOKMARK [2][-]{subsection.6.4}{Discussion}{section.6}% 36
\BOOKMARK [2][-]{subsection.6.5}{Selection}{section.6}% 37
\BOOKMARK [1][-]{section.7}{Mode of Transportation}{}% 38
\BOOKMARK [2][-]{subsection.7.1}{Options}{section.7}% 39
\BOOKMARK [2][-]{subsection.7.2}{Goals for Use}{section.7}% 40
\BOOKMARK [2][-]{subsection.7.3}{Evaluation Criteria}{section.7}% 41
\BOOKMARK [2][-]{subsection.7.4}{Discussion}{section.7}% 42
\BOOKMARK [2][-]{subsection.7.5}{Selection}{section.7}% 43
\BOOKMARK [1][-]{section.8}{temp}{}% 44
\BOOKMARK [2][-]{subsection.8.1}{Options}{section.8}% 45
\BOOKMARK [3][-]{subsubsection.8.1.1}{temp}{subsection.8.1}% 46
\BOOKMARK [3][-]{subsubsection.8.1.2}{temp}{subsection.8.1}% 47
\BOOKMARK [3][-]{subsubsection.8.1.3}{temp}{subsection.8.1}% 48
\BOOKMARK [2][-]{subsection.8.2}{Goals for Use in Design}{section.8}% 49
\BOOKMARK [2][-]{subsection.8.3}{Criteria being evaluated}{section.8}% 50
\BOOKMARK [2][-]{subsection.8.4}{Selection}{section.8}% 51
\BOOKMARK [1][-]{section.9}{temp}{}% 52
\BOOKMARK [2][-]{subsection.9.1}{Options}{section.9}% 53
\BOOKMARK [3][-]{subsubsection.9.1.1}{temp}{subsection.9.1}% 54
\BOOKMARK [3][-]{subsubsection.9.1.2}{temp}{subsection.9.1}% 55
\BOOKMARK [3][-]{subsubsection.9.1.3}{temp}{subsection.9.1}% 56
\BOOKMARK [2][-]{subsection.9.2}{Goals for Use in Design}{section.9}% 57
\BOOKMARK [2][-]{subsection.9.3}{Criteria being evaluated}{section.9}% 58
\BOOKMARK [2][-]{subsection.9.4}{Selection}{section.9}% 59
\BOOKMARK [1][-]{section.10}{temp}{}% 60
\BOOKMARK [2][-]{subsection.10.1}{Options}{section.10}% 61
\BOOKMARK [3][-]{subsubsection.10.1.1}{temp}{subsection.10.1}% 62
\BOOKMARK [3][-]{subsubsection.10.1.2}{temp}{subsection.10.1}% 63
\BOOKMARK [3][-]{subsubsection.10.1.3}{temp}{subsection.10.1}% 64
\BOOKMARK [2][-]{subsection.10.2}{Goals for Use in Design}{section.10}% 65
\BOOKMARK [2][-]{subsection.10.3}{Criteria being evaluated}{section.10}% 66
\BOOKMARK [2][-]{subsection.10.4}{Selection}{section.10}% 67
\BOOKMARK [1][-]{section.11}{temp}{}% 68
\BOOKMARK [2][-]{subsection.11.1}{Options}{section.11}% 69
\BOOKMARK [3][-]{subsubsection.11.1.1}{temp}{subsection.11.1}% 70
\BOOKMARK [3][-]{subsubsection.11.1.2}{temp}{subsection.11.1}% 71
\BOOKMARK [3][-]{subsubsection.11.1.3}{temp}{subsection.11.1}% 72
\BOOKMARK [2][-]{subsection.11.2}{Goals for Use in Design}{section.11}% 73
\BOOKMARK [2][-]{subsection.11.3}{Criteria being evaluated}{section.11}% 74
\BOOKMARK [2][-]{subsection.11.4}{Selection}{section.11}% 75
\BOOKMARK [1][-]{section.12}{temp}{}% 76
\BOOKMARK [2][-]{subsection.12.1}{Options}{section.12}% 77
\BOOKMARK [3][-]{subsubsection.12.1.1}{temp}{subsection.12.1}% 78
\BOOKMARK [3][-]{subsubsection.12.1.2}{temp}{subsection.12.1}% 79
\BOOKMARK [3][-]{subsubsection.12.1.3}{temp}{subsection.12.1}% 80
\BOOKMARK [2][-]{subsection.12.2}{Goals for Use in Design}{section.12}% 81
\BOOKMARK [2][-]{subsection.12.3}{Criteria being evaluated}{section.12}% 82
\BOOKMARK [2][-]{subsection.12.4}{Selection}{section.12}% 83
\BOOKMARK [1][-]{section.13}{temp}{}% 84
\BOOKMARK [2][-]{subsection.13.1}{Options}{section.13}% 85
\BOOKMARK [3][-]{subsubsection.13.1.1}{temp}{subsection.13.1}% 86
\BOOKMARK [3][-]{subsubsection.13.1.2}{temp}{subsection.13.1}% 87
\BOOKMARK [3][-]{subsubsection.13.1.3}{temp}{subsection.13.1}% 88
\BOOKMARK [2][-]{subsection.13.2}{Goals for Use in Design}{section.13}% 89
\BOOKMARK [2][-]{subsection.13.3}{Criteria being evaluated}{section.13}% 90
\BOOKMARK [2][-]{subsection.13.4}{Selection}{section.13}% 91
\BOOKMARK [1][-]{section.14}{Conclusion}{}% 92
\BOOKMARK [1][-]{section.15}{References}{}% 93
\BOOKMARK [1][-]{section*.11}{References}{}% 94
