\BOOKMARK [0][-]{chapter.1}{Introduction}{}% 1
\BOOKMARK [1][-]{section.1.1}{Purpose}{chapter.1}% 2
\BOOKMARK [1][-]{section.1.2}{Document Conventions}{chapter.1}% 3
\BOOKMARK [1][-]{section.1.3}{Intended Audience and Reading Suggestions}{chapter.1}% 4
\BOOKMARK [1][-]{section.1.4}{Project Scope}{chapter.1}% 5
\BOOKMARK [0][-]{chapter.2}{Overall Description}{}% 6
\BOOKMARK [1][-]{section.2.1}{Product Perspective}{chapter.2}% 7
\BOOKMARK [1][-]{section.2.2}{Product Functions}{chapter.2}% 8
\BOOKMARK [1][-]{section.2.3}{User Classes and Characteristics}{chapter.2}% 9
\BOOKMARK [1][-]{section.2.4}{Operating Environment}{chapter.2}% 10
\BOOKMARK [1][-]{section.2.5}{Design and Implementation Constraints}{chapter.2}% 11
\BOOKMARK [1][-]{section.2.6}{User Documentation}{chapter.2}% 12
\BOOKMARK [1][-]{section.2.7}{Assumptions and Dependencies}{chapter.2}% 13
\BOOKMARK [0][-]{chapter.3}{External Interface Requirements}{}% 14
\BOOKMARK [1][-]{section.3.1}{User Interfaces}{chapter.3}% 15
\BOOKMARK [1][-]{section.3.2}{Hardware Interfaces}{chapter.3}% 16
\BOOKMARK [1][-]{section.3.3}{Software Interfaces}{chapter.3}% 17
\BOOKMARK [1][-]{section.3.4}{Communications Interfaces}{chapter.3}% 18
\BOOKMARK [0][-]{chapter.4}{System Features}{}% 19
\BOOKMARK [1][-]{section.4.1}{Parachute Deployment}{chapter.4}% 20
\BOOKMARK [2][-]{subsection.4.1.1}{Description and Priority}{section.4.1}% 21
\BOOKMARK [2][-]{subsection.4.1.2}{Stimulus/Response Sequences}{section.4.1}% 22
\BOOKMARK [2][-]{subsection.4.1.3}{Functional Requirements}{section.4.1}% 23
\BOOKMARK [1][-]{section.4.2}{Change to Drive Mode}{chapter.4}% 24
\BOOKMARK [2][-]{subsection.4.2.1}{Description and Priority}{section.4.2}% 25
\BOOKMARK [2][-]{subsection.4.2.2}{Stimulus/Response Sequences}{section.4.2}% 26
\BOOKMARK [2][-]{subsection.4.2.3}{Functional Requirements}{section.4.2}% 27
\BOOKMARK [1][-]{section.4.3}{Sensor and Motor Array Initialization}{chapter.4}% 28
\BOOKMARK [2][-]{subsection.4.3.1}{Description and Priority}{section.4.3}% 29
\BOOKMARK [2][-]{subsection.4.3.2}{Stimulus/Response Sequences}{section.4.3}% 30
\BOOKMARK [2][-]{subsection.4.3.3}{Functional Requirements}{section.4.3}% 31
\BOOKMARK [1][-]{section.4.4}{Obstacle Avoidance System}{chapter.4}% 32
\BOOKMARK [2][-]{subsection.4.4.1}{Description and Priority}{section.4.4}% 33
\BOOKMARK [2][-]{subsection.4.4.2}{Stimulus/Response Sequences}{section.4.4}% 34
\BOOKMARK [2][-]{subsection.4.4.3}{Functional Requirements}{section.4.4}% 35
\BOOKMARK [0][-]{chapter.5}{Other Nonfunctional Requirements}{}% 36
\BOOKMARK [1][-]{section.5.1}{Performance Requirements}{chapter.5}% 37
\BOOKMARK [1][-]{section.5.2}{Safety Requirements}{chapter.5}% 38
\BOOKMARK [1][-]{section.5.3}{Security Requirements}{chapter.5}% 39
\BOOKMARK [1][-]{section.5.4}{Software Quality Attributes}{chapter.5}% 40
\BOOKMARK [1][-]{section.5.5}{Business Rules}{chapter.5}% 41
\BOOKMARK [0][-]{chapter.6}{Other Requirements}{}% 42
\BOOKMARK [1][-]{section.6.1}{Stretch Goals}{chapter.6}% 43
\BOOKMARK [2][-]{subsection.6.1.1}{Data Visualization}{section.6.1}% 44
\BOOKMARK [1][-]{section.6.2}{Appendix A: Glossary}{chapter.6}% 45
\BOOKMARK [2][-]{subsection.6.2.1}{AGL}{section.6.2}% 46
\BOOKMARK [2][-]{subsection.6.2.2}{ARLISS}{section.6.2}% 47
\BOOKMARK [2][-]{subsection.6.2.3}{Autonomous}{section.6.2}% 48
\BOOKMARK [2][-]{subsection.6.2.4}{CanSat}{section.6.2}% 49
\BOOKMARK [2][-]{subsection.6.2.5}{Destination}{section.6.2}% 50
\BOOKMARK [2][-]{subsection.6.2.6}{Obstacle}{section.6.2}% 51
\BOOKMARK [2][-]{subsection.6.2.7}{Satellite}{section.6.2}% 52
