This is pdfTeX, Version 3.14159265-2.6-1.40.17 (MiKTeX 2.9.6100 64-bit) (preloaded format=pdflatex 2016.11.28)  5 JUN 2017 17:36
entering extended mode
**./FinalReport27.tex
(FinalReport27.tex
LaTeX2e <2016/03/31> patch level 3
Babel <3.9r> and hyphenation patterns for 75 language(s) loaded.
(IEEEtran.cls
Document Class: IEEEtran 2015/08/26 V1.8b by Michael Shell
-- See the "IEEEtran_HOWTO" manual for usage information.
-- http://www.michaelshell.org/tex/ieeetran/
\@IEEEtrantmpdimenA=\dimen102
\@IEEEtrantmpdimenB=\dimen103
\@IEEEtrantmpdimenC=\dimen104
\@IEEEtrantmpcountA=\count79
\@IEEEtrantmpcountB=\count80
\@IEEEtrantmpcountC=\count81
\@IEEEtrantmptoksA=\toks14
LaTeX Font Info:    Try loading font information for OT1+ptm on input line 503.

("C:\Program Files\MiKTeX 2.9\tex\latex\psnfss\ot1ptm.fd"
File: ot1ptm.fd 2001/06/04 font definitions for OT1/ptm.
)
-- Using 8.5in x 11in (letter) paper.
-- Using PDF output.
\@IEEEnormalsizeunitybaselineskip=\dimen105
-- This is a 10 point document.
\CLASSINFOnormalsizebaselineskip=\dimen106
\CLASSINFOnormalsizeunitybaselineskip=\dimen107
\IEEEnormaljot=\dimen108
LaTeX Font Info:    Font shape `OT1/ptm/bx/n' in size <5> not available
(Font)              Font shape `OT1/ptm/b/n' tried instead on input line 1090.
LaTeX Font Info:    Font shape `OT1/ptm/bx/it' in size <5> not available
(Font)              Font shape `OT1/ptm/b/it' tried instead on input line 1090.

LaTeX Font Info:    Font shape `OT1/ptm/bx/n' in size <7> not available
(Font)              Font shape `OT1/ptm/b/n' tried instead on input line 1090.
LaTeX Font Info:    Font shape `OT1/ptm/bx/it' in size <7> not available
(Font)              Font shape `OT1/ptm/b/it' tried instead on input line 1090.

LaTeX Font Info:    Font shape `OT1/ptm/bx/n' in size <8> not available
(Font)              Font shape `OT1/ptm/b/n' tried instead on input line 1090.
LaTeX Font Info:    Font shape `OT1/ptm/bx/it' in size <8> not available
(Font)              Font shape `OT1/ptm/b/it' tried instead on input line 1090.

LaTeX Font Info:    Font shape `OT1/ptm/bx/n' in size <9> not available
(Font)              Font shape `OT1/ptm/b/n' tried instead on input line 1090.
LaTeX Font Info:    Font shape `OT1/ptm/bx/it' in size <9> not available
(Font)              Font shape `OT1/ptm/b/it' tried instead on input line 1090.

LaTeX Font Info:    Font shape `OT1/ptm/bx/n' in size <10> not available
(Font)              Font shape `OT1/ptm/b/n' tried instead on input line 1090.
LaTeX Font Info:    Font shape `OT1/ptm/bx/it' in size <10> not available
(Font)              Font shape `OT1/ptm/b/it' tried instead on input line 1090.

LaTeX Font Info:    Font shape `OT1/ptm/bx/n' in size <11> not available
(Font)              Font shape `OT1/ptm/b/n' tried instead on input line 1090.
LaTeX Font Info:    Font shape `OT1/ptm/bx/it' in size <11> not available
(Font)              Font shape `OT1/ptm/b/it' tried instead on input line 1090.

LaTeX Font Info:    Font shape `OT1/ptm/bx/n' in size <12> not available
(Font)              Font shape `OT1/ptm/b/n' tried instead on input line 1090.
LaTeX Font Info:    Font shape `OT1/ptm/bx/it' in size <12> not available
(Font)              Font shape `OT1/ptm/b/it' tried instead on input line 1090.

LaTeX Font Info:    Font shape `OT1/ptm/bx/n' in size <17> not available
(Font)              Font shape `OT1/ptm/b/n' tried instead on input line 1090.
LaTeX Font Info:    Font shape `OT1/ptm/bx/it' in size <17> not available
(Font)              Font shape `OT1/ptm/b/it' tried instead on input line 1090.

LaTeX Font Info:    Font shape `OT1/ptm/bx/n' in size <20> not available
(Font)              Font shape `OT1/ptm/b/n' tried instead on input line 1090.
LaTeX Font Info:    Font shape `OT1/ptm/bx/it' in size <20> not available
(Font)              Font shape `OT1/ptm/b/it' tried instead on input line 1090.

LaTeX Font Info:    Font shape `OT1/ptm/bx/n' in size <24> not available
(Font)              Font shape `OT1/ptm/b/n' tried instead on input line 1090.
LaTeX Font Info:    Font shape `OT1/ptm/bx/it' in size <24> not available
(Font)              Font shape `OT1/ptm/b/it' tried instead on input line 1090.

\IEEEquantizedlength=\dimen109
\IEEEquantizedlengthdiff=\dimen110
\IEEEquantizedtextheightdiff=\dimen111
\IEEEilabelindentA=\dimen112
\IEEEilabelindentB=\dimen113
\IEEEilabelindent=\dimen114
\IEEEelabelindent=\dimen115
\IEEEdlabelindent=\dimen116
\IEEElabelindent=\dimen117
\IEEEiednormlabelsep=\dimen118
\IEEEiedmathlabelsep=\dimen119
\IEEEiedtopsep=\skip41
\c@section=\count82
\c@subsection=\count83
\c@subsubsection=\count84
\c@paragraph=\count85
\c@IEEEsubequation=\count86
\abovecaptionskip=\skip42
\belowcaptionskip=\skip43
\c@figure=\count87
\c@table=\count88
\@IEEEeqnnumcols=\count89
\@IEEEeqncolcnt=\count90
\@IEEEsubeqnnumrollback=\count91
\@IEEEquantizeheightA=\dimen120
\@IEEEquantizeheightB=\dimen121
\@IEEEquantizeheightC=\dimen122
\@IEEEquantizeprevdepth=\dimen123
\@IEEEquantizemultiple=\count92
\@IEEEquantizeboxA=\box26
\@IEEEtmpitemindent=\dimen124
\IEEEPARstartletwidth=\dimen125
\c@IEEEbiography=\count93
\@IEEEtranrubishbin=\box27
) ("C:\Program Files\MiKTeX 2.9\tex\latex\geometry\geometry.sty"
Package: geometry 2010/09/12 v5.6 Page Geometry

("C:\Program Files\MiKTeX 2.9\tex\latex\graphics\keyval.sty"
Package: keyval 2014/10/28 v1.15 key=value parser (DPC)
\KV@toks@=\toks15
)
("C:\Program Files\MiKTeX 2.9\tex\generic\oberdiek\ifpdf.sty"
Package: ifpdf 2016/05/14 v3.1 Provides the ifpdf switch
)
("C:\Program Files\MiKTeX 2.9\tex\generic\oberdiek\ifvtex.sty"
Package: ifvtex 2016/05/16 v1.6 Detect VTeX and its facilities (HO)
Package ifvtex Info: VTeX not detected.
)
("C:\Program Files\MiKTeX 2.9\tex\generic\ifxetex\ifxetex.sty"
Package: ifxetex 2010/09/12 v0.6 Provides ifxetex conditional
)
\Gm@cnth=\count94
\Gm@cntv=\count95
\c@Gm@tempcnt=\count96
\Gm@bindingoffset=\dimen126
\Gm@wd@mp=\dimen127
\Gm@odd@mp=\dimen128
\Gm@even@mp=\dimen129
\Gm@layoutwidth=\dimen130
\Gm@layoutheight=\dimen131
\Gm@layouthoffset=\dimen132
\Gm@layoutvoffset=\dimen133
\Gm@dimlist=\toks16

("C:\Program Files\MiKTeX 2.9\tex\latex\geometry\geometry.cfg"))
("C:\Program Files\MiKTeX 2.9\tex\latex\listings\listings.sty"
\lst@mode=\count97
\lst@gtempboxa=\box28
\lst@token=\toks17
\lst@length=\count98
\lst@currlwidth=\dimen134
\lst@column=\count99
\lst@pos=\count100
\lst@lostspace=\dimen135
\lst@width=\dimen136
\lst@newlines=\count101
\lst@lineno=\count102
\lst@maxwidth=\dimen137

("C:\Program Files\MiKTeX 2.9\tex\latex\listings\lstmisc.sty"
File: lstmisc.sty 2015/06/04 1.6 (Carsten Heinz)
\c@lstnumber=\count103
\lst@skipnumbers=\count104
\lst@framebox=\box29
)
("C:\Program Files\MiKTeX 2.9\tex\latex\listings\listings.cfg"
File: listings.cfg 2015/06/04 1.6 listings configuration
))
Package: listings 2015/06/04 1.6 (Carsten Heinz)

("C:\Program Files\MiKTeX 2.9\tex\latex\graphics\color.sty"
Package: color 2016/07/10 v1.1e Standard LaTeX Color (DPC)

("C:\Program Files\MiKTeX 2.9\tex\latex\graphics-cfg\color.cfg"
File: color.cfg 2016/01/02 v1.6 sample color configuration
)
Package color Info: Driver file: pdftex.def on input line 147.

("C:\Program Files\MiKTeX 2.9\tex\latex\graphics-def\pdftex.def"
File: pdftex.def 2016/07/10 v0.06j Graphics/color for pdfTeX

("C:\Program Files\MiKTeX 2.9\tex\generic\oberdiek\infwarerr.sty"
Package: infwarerr 2016/05/16 v1.4 Providing info/warning/error messages (HO)
)
("C:\Program Files\MiKTeX 2.9\tex\generic\oberdiek\ltxcmds.sty"
Package: ltxcmds 2016/05/16 v1.23 LaTeX kernel commands for general use (HO)
)
\Gread@gobject=\count105
))
("C:\Program Files\MiKTeX 2.9\tex\latex\tools\longtable.sty"
Package: longtable 2014/10/28 v4.11 Multi-page Table package (DPC)
\LTleft=\skip44
\LTright=\skip45
\LTpre=\skip46
\LTpost=\skip47
\LTchunksize=\count106
\LTcapwidth=\dimen138
\LT@head=\box30
\LT@firsthead=\box31
\LT@foot=\box32
\LT@lastfoot=\box33
\LT@cols=\count107
\LT@rows=\count108
\c@LT@tables=\count109
\c@LT@chunks=\count110
\LT@p@ftn=\toks18
)
("C:\Program Files\MiKTeX 2.9\tex\latex\graphics\graphicx.sty"
Package: graphicx 2014/10/28 v1.0g Enhanced LaTeX Graphics (DPC,SPQR)

("C:\Program Files\MiKTeX 2.9\tex\latex\graphics\graphics.sty"
Package: graphics 2016/07/10 v1.0t Standard LaTeX Graphics (DPC,SPQR)

("C:\Program Files\MiKTeX 2.9\tex\latex\graphics\trig.sty"
Package: trig 2016/01/03 v1.10 sin cos tan (DPC)
)
("C:\Program Files\MiKTeX 2.9\tex\latex\graphics-cfg\graphics.cfg"
File: graphics.cfg 2016/06/04 v1.11 sample graphics configuration
)
Package graphics Info: Driver file: pdftex.def on input line 99.
)
\Gin@req@height=\dimen139
\Gin@req@width=\dimen140
)
("C:\Program Files\MiKTeX 2.9\tex\latex\pstricks\PSTricks.sty"

LaTeX Warning: You have requested package `PSTricks',
               but the package provides `pstricks'.

Package: pstricks 2015/11/14 v0.62 LaTeX wrapper for `PSTricks' (RN,HV)
("C:\Program Files\MiKTeX 2.9\tex\latex\xcolor\xcolor.sty"
Package: xcolor 2016/05/11 v2.12 LaTeX color extensions (UK)

("C:\Program Files\MiKTeX 2.9\tex\latex\graphics-cfg\color.cfg"
File: color.cfg 2016/01/02 v1.6 sample color configuration
)
Package xcolor Info: Driver file: pdftex.def on input line 225.
LaTeX Info: Redefining \color on input line 709.
Package xcolor Info: Model `cmy' substituted by `cmy0' on input line 1348.
Package xcolor Info: Model `hsb' substituted by `rgb' on input line 1352.
Package xcolor Info: Model `RGB' extended on input line 1364.
Package xcolor Info: Model `HTML' substituted by `rgb' on input line 1366.
Package xcolor Info: Model `Hsb' substituted by `hsb' on input line 1367.
Package xcolor Info: Model `tHsb' substituted by `hsb' on input line 1368.
Package xcolor Info: Model `HSB' substituted by `hsb' on input line 1369.
Package xcolor Info: Model `Gray' substituted by `gray' on input line 1370.
Package xcolor Info: Model `wave' substituted by `hsb' on input line 1371.
)
("C:\Program Files\MiKTeX 2.9\tex\generic\pstricks\pstricks.tex"
("C:\Program Files\MiKTeX 2.9\tex\generic\xkeyval\pst-xkey.tex"
File: pst-xkey.tex 2005/11/25 v1.6 PSTricks specialization of xkeyval (HA)

("C:\Program Files\MiKTeX 2.9\tex\latex\xkeyval\xkeyval.sty"
Package: xkeyval 2014/12/03 v2.7a package option processing (HA)

("C:\Program Files\MiKTeX 2.9\tex\generic\xkeyval\xkeyval.tex"
("C:\Program Files\MiKTeX 2.9\tex\generic\xkeyval\xkvutils.tex"
\XKV@toks=\toks19
\XKV@tempa@toks=\toks20
)
\XKV@depth=\count111
File: xkeyval.tex 2014/12/03 v2.7a key=value parser (HA)
)))
("C:\Program Files\MiKTeX 2.9\tex\generic\pstricks\pst-fp.tex"
`pst-fp' v0.05, 2010/01/17 (hv)
\pstFP@xs=\count112
\pstFP@xia=\count113
\pstFP@xib=\count114
\pstFP@xfa=\count115
\pstFP@xfb=\count116
\pstFP@rega=\count117
\pstFP@regb=\count118
\pstFP@regs=\count119
\pstFP@times=\count120
)
("C:\Program Files\MiKTeX 2.9\tex\generic\pgf\utilities\pgfutil-common.tex"
\pgfutil@everybye=\toks21
\pgfutil@tempdima=\dimen141
\pgfutil@tempdimb=\dimen142

("C:\Program Files\MiKTeX 2.9\tex\generic\pgf\utilities\pgfutil-common-lists.te
x")) ("C:\Program Files\MiKTeX 2.9\tex\generic\pgf\utilities\pgfkeys.code.tex"
\pgfkeys@pathtoks=\toks22
\pgfkeys@temptoks=\toks23

("C:\Program Files\MiKTeX 2.9\tex\generic\pgf\utilities\pgfkeysfiltered.code.te
x"
\pgfkeys@tmptoks=\toks24
)) ("C:\Program Files\MiKTeX 2.9\tex\generic\pgf\utilities\pgffor.code.tex"
("C:\Program Files\MiKTeX 2.9\tex\generic\pgf\math\pgfmath.code.tex"
("C:\Program Files\MiKTeX 2.9\tex\generic\pgf\math\pgfmathcalc.code.tex"
("C:\Program Files\MiKTeX 2.9\tex\generic\pgf\math\pgfmathutil.code.tex"
\pgf@x=\dimen143
\pgf@xa=\dimen144
\pgf@xb=\dimen145
\pgf@xc=\dimen146
\pgf@y=\dimen147
\pgf@ya=\dimen148
\pgf@yb=\dimen149
\pgf@yc=\dimen150
\c@pgf@counta=\count121
\c@pgf@countb=\count122
\c@pgf@countc=\count123
\c@pgf@countd=\count124
\pgfutil@tempcnta=\count125
\pgfutil@tempcntb=\count126
)
("C:\Program Files\MiKTeX 2.9\tex\generic\pgf\math\pgfmathparser.code.tex"
\pgfmath@dimen=\dimen151
\pgfmath@count=\count127
\pgfmath@box=\box34
\pgfmath@toks=\toks25
\pgfmath@stack@operand=\toks26
\pgfmath@stack@operation=\toks27
)
("C:\Program Files\MiKTeX 2.9\tex\generic\pgf\math\pgfmathfunctions.code.tex"
("C:\Program Files\MiKTeX 2.9\tex\generic\pgf\math\pgfmathfunctions.basic.code.
tex")
("C:\Program Files\MiKTeX 2.9\tex\generic\pgf\math\pgfmathfunctions.trigonometr
ic.code.tex")
("C:\Program Files\MiKTeX 2.9\tex\generic\pgf\math\pgfmathfunctions.random.code
.tex")
("C:\Program Files\MiKTeX 2.9\tex\generic\pgf\math\pgfmathfunctions.comparison.
code.tex")
("C:\Program Files\MiKTeX 2.9\tex\generic\pgf\math\pgfmathfunctions.base.code.t
ex")
("C:\Program Files\MiKTeX 2.9\tex\generic\pgf\math\pgfmathfunctions.round.code.
tex")
("C:\Program Files\MiKTeX 2.9\tex\generic\pgf\math\pgfmathfunctions.misc.code.t
ex")
("C:\Program Files\MiKTeX 2.9\tex\generic\pgf\math\pgfmathfunctions.integerarit
hmetics.code.tex")))
("C:\Program Files\MiKTeX 2.9\tex\generic\pgf\math\pgfmathfloat.code.tex"
\c@pgfmathroundto@lastzeros=\count128
))
\pgffor@iter=\dimen152
\pgffor@skip=\dimen153
\pgffor@stack=\toks28
\pgffor@toks=\toks29
)
\psLoopIndex=\count129

`PSTricks' v2.70  <2016/09/23> (tvz)
\pst@dima=\dimen154
\pst@dimb=\dimen155
\pst@dimc=\dimen156
\pst@dimd=\dimen157
\pst@dimg=\dimen158
\pst@dimh=\dimen159
\pst@dimm=\dimen160
\pst@dimn=\dimen161
\pst@dimo=\dimen162
\pst@dimp=\dimen163
\pst@hbox=\box35
\pst@ibox=\box36
\pst@boxg=\box37
\pst@cnta=\count130
\pst@cntb=\count131
\pst@cntc=\count132
\pst@cntd=\count133
\pst@cntg=\count134
\pst@cnth=\count135
\pst@cntm=\count136
\pst@cntn=\count137
\pst@cnto=\count138
\pst@cntp=\count139
\@zero=\count140
\pst@toks=\toks30
("C:\Program Files\MiKTeX 2.9\tex\generic\pstricks\pstricks.con")
\psunit=\dimen164
\psxunit=\dimen165
\psyunit=\dimen166
\pst@C@@rType=\count141
\pslinewidth=\dimen167
\psk@startLW=\dimen168
\psk@endLW=\dimen169
\pst@customdefs=\toks31
\pslinearc=\dimen170
\pst@symbolStep=\dimen171
\pst@symbolWidth=\dimen172
\pst@symbolLinewidth=\dimen173
\everypsbox=\toks32
\psframesep=\dimen174
\pslabelsep=\dimen175
\sh@wgridXunit=\dimen176
\sh@wgridYunit=\dimen177
\pst@shift=\dimen178
)
File: pstricks.tex 2016/09/23 v2.70 `PSTricks' (tvz,hv)

("C:\Program Files\MiKTeX 2.9\tex\generic\pstricks\pst-fp.tex")
File: pst-fp.tex 2016/09/23 v2.70 `PST-fp' (hv)
)
("C:\Program Files\MiKTeX 2.9\tex\latex\caption\caption.sty"
Package: caption 2016/02/21 v3.3-144 Customizing captions (AR)

("C:\Program Files\MiKTeX 2.9\tex\latex\caption\caption3.sty"
Package: caption3 2016/05/22 v1.7-166 caption3 kernel (AR)
Package caption3 Info: TeX engine: e-TeX on input line 67.
\captionmargin=\dimen179
\captionmargin@=\dimen180
\captionwidth=\dimen181
\caption@tempdima=\dimen182
\caption@indent=\dimen183
\caption@parindent=\dimen184
\caption@hangindent=\dimen185
Package caption Info: Unknown document class (or package),
(caption)             standard defaults will be used.
)

Package caption Warning: Unsupported document class (or package) detected,
(caption)                usage of the caption package is not recommended.
See the caption package documentation for explanation.

Package caption Info: \@makecaption = \long macro:#1#2->\ifx \@captype \@IEEEta
blestring \footnotesize \bgroup \par \centering \@IEEEtabletopskipstrut {\norma
lfont \footnotesize #1}\\{\normalfont \footnotesize \scshape #2}\par \addvspace
 {0.5\baselineskip }\egroup \@IEEEtablecaptionsepspace \else \@IEEEfigurecaptio
nsepspace \setbox \@tempboxa \hbox {\normalfont \footnotesize {#1.}\nobreakspac
e \nobreakspace #2}\ifdim \wd \@tempboxa >\hsize \setbox \@tempboxa \hbox {\nor
malfont \footnotesize {#1.}\nobreakspace \nobreakspace }\parbox [t]{\hsize }{\n
ormalfont \footnotesize \noindent \unhbox \@tempboxa #2}\else \ifCLASSOPTIONcon
ference \hbox to\hsize {\normalfont \footnotesize \hfil \box \@tempboxa \hfil }
\else \hbox to\hsize {\normalfont \footnotesize \box \@tempboxa \hfil }\fi \fi 
\fi .
\c@ContinuedFloat=\count142
Package caption Info: listings package is loaded.
Package caption Info: longtable package is loaded.
("C:\Program Files\MiKTeX 2.9\tex\latex\caption\ltcaption.sty"
Package: ltcaption 2013/06/09 v1.4-94 longtable captions (AR)
))
("C:\Program Files\MiKTeX 2.9\tex\latex\float\float.sty"
Package: float 2001/11/08 v1.3d Float enhancements (AL)
\c@float@type=\count143
\float@exts=\toks33
\float@box=\box38
\@float@everytoks=\toks34
\@floatcapt=\box39
)
("C:\Program Files\MiKTeX 2.9\tex\latex\pdfpages\pdfpages.sty"
Package: pdfpages 2017/01/14 v0.5h Insert pages of external PDF documents (AM)

("C:\Program Files\MiKTeX 2.9\tex\latex\base\ifthen.sty"
Package: ifthen 2014/09/29 v1.1c Standard LaTeX ifthen package (DPC)
)
("C:\Program Files\MiKTeX 2.9\tex\latex\tools\calc.sty"
Package: calc 2014/10/28 v4.3 Infix arithmetic (KKT,FJ)
\calc@Acount=\count144
\calc@Bcount=\count145
\calc@Adimen=\dimen186
\calc@Bdimen=\dimen187
\calc@Askip=\skip48
\calc@Bskip=\skip49
LaTeX Info: Redefining \setlength on input line 80.
LaTeX Info: Redefining \addtolength on input line 81.
\calc@Ccount=\count146
\calc@Cskip=\skip50
)
("C:\Program Files\MiKTeX 2.9\tex\latex\eso-pic\eso-pic.sty"
Package: eso-pic 2015/07/21 v2.0g eso-pic (RN)

("C:\Program Files\MiKTeX 2.9\tex\generic\oberdiek\atbegshi.sty"
Package: atbegshi 2016/06/09 v1.18 At begin shipout hook (HO)
))
\AM@pagewidth=\dimen188
\AM@pageheight=\dimen189

("C:\Program Files\MiKTeX 2.9\tex\latex\pdfpages\pppdftex.def"
File: pppdftex.def 2017/01/14 v0.5h Pdfpages driver for pdfTeX (AM)
)
\AM@pagebox=\box40
\AM@global@opts=\toks35
\AM@toc@title=\toks36
\c@AM@survey=\count147
\AM@templatesizebox=\box41
)
("C:\Program Files\MiKTeX 2.9\tex\latex\tabu\tabu.sty"
Package: tabu 2011/02/26 v2.8 - flexible LaTeX tabulars (FC)

("C:\Program Files\MiKTeX 2.9\tex\latex\tools\array.sty"
Package: array 2014/10/28 v2.4c Tabular extension package (FMi)
\col@sep=\dimen190
\extrarowheight=\dimen191
\NC@list=\toks37
\extratabsurround=\skip51
\backup@length=\skip52
)
("C:\Program Files\MiKTeX 2.9\tex\latex\ltxmisc\varwidth.sty"
Package: varwidth 2009/03/30 ver 0.92;  Variable-width minipages
\@vwid@box=\box42
\sift@deathcycles=\count148
\@vwid@loff=\dimen192
\@vwid@roff=\dimen193
)
\c@taburow=\count149
\tabu@nbcols=\count150
\tabu@cnt=\count151
\tabu@Xcol=\count152
\tabu@alloc=\count153
\tabu@nested=\count154
\tabu@target=\dimen194
\tabu@spreadtarget=\dimen195
\tabu@naturalX=\dimen196
\tabucolX=\dimen197
\tabu@Xsum=\dimen198
\extrarowdepth=\dimen199
\abovetabulinesep=\dimen256
\belowtabulinesep=\dimen257
\tabustrutrule=\dimen258
\tabu@thebody=\toks38
\tabu@footnotes=\toks39
\tabu@box=\box43
\tabu@arstrutbox=\box44
\tabu@hleads=\box45
\tabu@vleads=\box46
\tabu@cellskip=\skip53
)
("C:\Program Files\MiKTeX 2.9\tex\latex\enumitem\enumitem.sty"
Package: enumitem 2011/09/28 v3.5.2 Customized lists
\labelindent=\skip54
\enit@outerparindent=\dimen259
\enit@toks=\toks40
\enit@inbox=\box47
\enitdp@description=\count155
)
("C:\Program Files\MiKTeX 2.9\tex\latex\pgf\frontendlayer\tikz.sty"
("C:\Program Files\MiKTeX 2.9\tex\latex\pgf\basiclayer\pgf.sty"
("C:\Program Files\MiKTeX 2.9\tex\latex\pgf\utilities\pgfrcs.sty"
("C:\Program Files\MiKTeX 2.9\tex\generic\pgf\utilities\pgfutil-common.tex"
\pgfutil@everybye=\toks41
\pgfutil@tempdima=\dimen260
\pgfutil@tempdimb=\dimen261

("C:\Program Files\MiKTeX 2.9\tex\generic\pgf\utilities\pgfutil-common-lists.te
x")) ("C:\Program Files\MiKTeX 2.9\tex\generic\pgf\utilities\pgfutil-latex.def"
\pgfutil@abb=\box48
("C:\Program Files\MiKTeX 2.9\tex\latex\ms\everyshi.sty"
Package: everyshi 2001/05/15 v3.00 EveryShipout Package (MS)
))
("C:\Program Files\MiKTeX 2.9\tex\generic\pgf\utilities\pgfrcs.code.tex"
Package: pgfrcs 2015/08/07 v3.0.1a (rcs-revision 1.31)
))
Package: pgf 2015/08/07 v3.0.1a (rcs-revision 1.15)

("C:\Program Files\MiKTeX 2.9\tex\latex\pgf\basiclayer\pgfcore.sty"
("C:\Program Files\MiKTeX 2.9\tex\latex\pgf\systemlayer\pgfsys.sty"
("C:\Program Files\MiKTeX 2.9\tex\generic\pgf\systemlayer\pgfsys.code.tex"
Package: pgfsys 2014/07/09 v3.0.1a (rcs-revision 1.48)

("C:\Program Files\MiKTeX 2.9\tex\generic\pgf\utilities\pgfkeys.code.tex")
\pgf@x=\dimen262
\pgf@y=\dimen263
\pgf@xa=\dimen264
\pgf@ya=\dimen265
\pgf@xb=\dimen266
\pgf@yb=\dimen267
\pgf@xc=\dimen268
\pgf@yc=\dimen269
\w@pgf@writea=\write3
\r@pgf@reada=\read1
\c@pgf@counta=\count156
\c@pgf@countb=\count157
\c@pgf@countc=\count158
\c@pgf@countd=\count159
\t@pgf@toka=\toks42
\t@pgf@tokb=\toks43
\t@pgf@tokc=\toks44

("C:\Program Files\MiKTeX 2.9\tex\generic\pgf\systemlayer\pgf.cfg"
File: pgf.cfg 2008/05/14  (rcs-revision 1.7)
)
Driver file for pgf: pgfsys-pdftex.def

("C:\Program Files\MiKTeX 2.9\tex\generic\pgf\systemlayer\pgfsys-pdftex.def"
File: pgfsys-pdftex.def 2014/10/11  (rcs-revision 1.35)

("C:\Program Files\MiKTeX 2.9\tex\generic\pgf\systemlayer\pgfsys-common-pdf.def
"
File: pgfsys-common-pdf.def 2013/10/10  (rcs-revision 1.13)
)))
("C:\Program Files\MiKTeX 2.9\tex\generic\pgf\systemlayer\pgfsyssoftpath.code.t
ex"
File: pgfsyssoftpath.code.tex 2013/09/09  (rcs-revision 1.9)
\pgfsyssoftpath@smallbuffer@items=\count160
\pgfsyssoftpath@bigbuffer@items=\count161
)
("C:\Program Files\MiKTeX 2.9\tex\generic\pgf\systemlayer\pgfsysprotocol.code.t
ex"
File: pgfsysprotocol.code.tex 2006/10/16  (rcs-revision 1.4)
)) ("C:\Program Files\MiKTeX 2.9\tex\generic\pgf\basiclayer\pgfcore.code.tex"
Package: pgfcore 2010/04/11 v3.0.1a (rcs-revision 1.7)
 ("C:\Program Files\MiKTeX 2.9\tex\generic\pgf\math\pgfmath.code.tex")
("C:\Program Files\MiKTeX 2.9\tex\generic\pgf\basiclayer\pgfcorepoints.code.tex
"
File: pgfcorepoints.code.tex 2013/10/07  (rcs-revision 1.27)
\pgf@picminx=\dimen270
\pgf@picmaxx=\dimen271
\pgf@picminy=\dimen272
\pgf@picmaxy=\dimen273
\pgf@pathminx=\dimen274
\pgf@pathmaxx=\dimen275
\pgf@pathminy=\dimen276
\pgf@pathmaxy=\dimen277
\pgf@xx=\dimen278
\pgf@xy=\dimen279
\pgf@yx=\dimen280
\pgf@yy=\dimen281
\pgf@zx=\dimen282
\pgf@zy=\dimen283
)
("C:\Program Files\MiKTeX 2.9\tex\generic\pgf\basiclayer\pgfcorepathconstruct.c
ode.tex"
File: pgfcorepathconstruct.code.tex 2013/10/07  (rcs-revision 1.29)
\pgf@path@lastx=\dimen284
\pgf@path@lasty=\dimen285
)
("C:\Program Files\MiKTeX 2.9\tex\generic\pgf\basiclayer\pgfcorepathusage.code.
tex"
File: pgfcorepathusage.code.tex 2014/11/02  (rcs-revision 1.24)
\pgf@shorten@end@additional=\dimen286
\pgf@shorten@start@additional=\dimen287
)
("C:\Program Files\MiKTeX 2.9\tex\generic\pgf\basiclayer\pgfcorescopes.code.tex
"
File: pgfcorescopes.code.tex 2015/05/08  (rcs-revision 1.46)
\pgfpic=\box49
\pgf@hbox=\box50
\pgf@layerbox@main=\box51
\pgf@picture@serial@count=\count162
)
("C:\Program Files\MiKTeX 2.9\tex\generic\pgf\basiclayer\pgfcoregraphicstate.co
de.tex"
File: pgfcoregraphicstate.code.tex 2014/11/02  (rcs-revision 1.12)
\pgflinewidth=\dimen288
)
("C:\Program Files\MiKTeX 2.9\tex\generic\pgf\basiclayer\pgfcoretransformations
.code.tex"
File: pgfcoretransformations.code.tex 2015/08/07  (rcs-revision 1.20)
\pgf@pt@x=\dimen289
\pgf@pt@y=\dimen290
\pgf@pt@temp=\dimen291
)
("C:\Program Files\MiKTeX 2.9\tex\generic\pgf\basiclayer\pgfcorequick.code.tex"
File: pgfcorequick.code.tex 2008/10/09  (rcs-revision 1.3)
)
("C:\Program Files\MiKTeX 2.9\tex\generic\pgf\basiclayer\pgfcoreobjects.code.te
x"
File: pgfcoreobjects.code.tex 2006/10/11  (rcs-revision 1.2)
)
("C:\Program Files\MiKTeX 2.9\tex\generic\pgf\basiclayer\pgfcorepathprocessing.
code.tex"
File: pgfcorepathprocessing.code.tex 2013/09/09  (rcs-revision 1.9)
)
("C:\Program Files\MiKTeX 2.9\tex\generic\pgf\basiclayer\pgfcorearrows.code.tex
"
File: pgfcorearrows.code.tex 2015/05/14  (rcs-revision 1.43)
\pgfarrowsep=\dimen292
)
("C:\Program Files\MiKTeX 2.9\tex\generic\pgf\basiclayer\pgfcoreshade.code.tex"
File: pgfcoreshade.code.tex 2013/07/15  (rcs-revision 1.15)
\pgf@max=\dimen293
\pgf@sys@shading@range@num=\count163
) ("C:\Program Files\MiKTeX 2.9\tex\generic\pgf\basiclayer\pgfcoreimage.code.te
x"
File: pgfcoreimage.code.tex 2013/07/15  (rcs-revision 1.18)

("C:\Program Files\MiKTeX 2.9\tex\generic\pgf\basiclayer\pgfcoreexternal.code.t
ex"
File: pgfcoreexternal.code.tex 2014/07/09  (rcs-revision 1.21)
\pgfexternal@startupbox=\box52
))
("C:\Program Files\MiKTeX 2.9\tex\generic\pgf\basiclayer\pgfcorelayers.code.tex
"
File: pgfcorelayers.code.tex 2013/07/18  (rcs-revision 1.7)
)
("C:\Program Files\MiKTeX 2.9\tex\generic\pgf\basiclayer\pgfcoretransparency.co
de.tex"
File: pgfcoretransparency.code.tex 2013/09/30  (rcs-revision 1.5)
)
("C:\Program Files\MiKTeX 2.9\tex\generic\pgf\basiclayer\pgfcorepatterns.code.t
ex"
File: pgfcorepatterns.code.tex 2013/11/07  (rcs-revision 1.5)
)))
("C:\Program Files\MiKTeX 2.9\tex\generic\pgf\modules\pgfmoduleshapes.code.tex"
File: pgfmoduleshapes.code.tex 2014/03/21  (rcs-revision 1.35)
\pgfnodeparttextbox=\box53
) ("C:\Program Files\MiKTeX 2.9\tex\generic\pgf\modules\pgfmoduleplot.code.tex"
File: pgfmoduleplot.code.tex 2015/08/03  (rcs-revision 1.13)
)
("C:\Program Files\MiKTeX 2.9\tex\latex\pgf\compatibility\pgfcomp-version-0-65.
sty"
Package: pgfcomp-version-0-65 2007/07/03 v3.0.1a (rcs-revision 1.7)
\pgf@nodesepstart=\dimen294
\pgf@nodesepend=\dimen295
)
("C:\Program Files\MiKTeX 2.9\tex\latex\pgf\compatibility\pgfcomp-version-1-18.
sty"
Package: pgfcomp-version-1-18 2007/07/23 v3.0.1a (rcs-revision 1.1)
)) ("C:\Program Files\MiKTeX 2.9\tex\latex\pgf\utilities\pgffor.sty"
("C:\Program Files\MiKTeX 2.9\tex\latex\pgf\utilities\pgfkeys.sty"
("C:\Program Files\MiKTeX 2.9\tex\generic\pgf\utilities\pgfkeys.code.tex"))
("C:\Program Files\MiKTeX 2.9\tex\latex\pgf\math\pgfmath.sty"
("C:\Program Files\MiKTeX 2.9\tex\generic\pgf\math\pgfmath.code.tex"))
("C:\Program Files\MiKTeX 2.9\tex\generic\pgf\utilities\pgffor.code.tex"
Package: pgffor 2013/12/13 v3.0.1a (rcs-revision 1.25)

("C:\Program Files\MiKTeX 2.9\tex\generic\pgf\math\pgfmath.code.tex")
\pgffor@iter=\dimen296
\pgffor@skip=\dimen297
\pgffor@stack=\toks45
\pgffor@toks=\toks46
))
("C:\Program Files\MiKTeX 2.9\tex\generic\pgf\frontendlayer\tikz\tikz.code.tex"
Package: tikz 2015/08/07 v3.0.1a (rcs-revision 1.151)

("C:\Program Files\MiKTeX 2.9\tex\generic\pgf\libraries\pgflibraryplothandlers.
code.tex"
File: pgflibraryplothandlers.code.tex 2013/08/31 v3.0.1a (rcs-revision 1.20)
\pgf@plot@mark@count=\count164
\pgfplotmarksize=\dimen298
)
\tikz@lastx=\dimen299
\tikz@lasty=\dimen300
\tikz@lastxsaved=\dimen301
\tikz@lastysaved=\dimen302
\tikzleveldistance=\dimen303
\tikzsiblingdistance=\dimen304
\tikz@figbox=\box54
\tikz@figbox@bg=\box55
\tikz@tempbox=\box56
\tikz@tempbox@bg=\box57
\tikztreelevel=\count165
\tikznumberofchildren=\count166
\tikznumberofcurrentchild=\count167
\tikz@fig@count=\count168

("C:\Program Files\MiKTeX 2.9\tex\generic\pgf\modules\pgfmodulematrix.code.tex"
File: pgfmodulematrix.code.tex 2013/09/17  (rcs-revision 1.8)
\pgfmatrixcurrentrow=\count169
\pgfmatrixcurrentcolumn=\count170
\pgf@matrix@numberofcolumns=\count171
)
\tikz@expandcount=\count172

("C:\Program Files\MiKTeX 2.9\tex\generic\pgf\frontendlayer\tikz\libraries\tikz
librarytopaths.code.tex"
File: tikzlibrarytopaths.code.tex 2008/06/17 v3.0.1a (rcs-revision 1.2)
)))
("C:\Program Files\MiKTeX 2.9\tex\generic\pgf\frontendlayer\tikz\libraries\tikz
libraryshapes.geometric.code.tex"
File: tikzlibraryshapes.geometric.code.tex 2008/01/09 v3.0.1a (rcs-revision 1.1
)

("C:\Program Files\MiKTeX 2.9\tex\generic\pgf\libraries\shapes\pgflibraryshapes
.geometric.code.tex"
File: pgflibraryshapes.geometric.code.tex 2008/06/26 v3.0.1a (rcs-revision 1.1)

))
("C:\Program Files\MiKTeX 2.9\tex\generic\pgf\frontendlayer\tikz\libraries\tikz
libraryarrows.code.tex"
File: tikzlibraryarrows.code.tex 2008/01/09 v3.0.1a (rcs-revision 1.1)

("C:\Program Files\MiKTeX 2.9\tex\generic\pgf\libraries\pgflibraryarrows.code.t
ex"
File: pgflibraryarrows.code.tex 2013/09/23 v3.0.1a (rcs-revision 1.16)
\arrowsize=\dimen305
)) ("C:\Program Files\MiKTeX 2.9\tex\latex\psnfss\courier.sty"
Package: courier 2005/04/12 PSNFSS-v9.2a (WaS) 
)
("C:\Program Files\MiKTeX 2.9\tex\latex\hyperref\hyperref.sty"
Package: hyperref 2016/06/24 v6.83q Hypertext links for LaTeX

("C:\Program Files\MiKTeX 2.9\tex\generic\oberdiek\hobsub-hyperref.sty"
Package: hobsub-hyperref 2016/05/16 v1.14 Bundle oberdiek, subset hyperref (HO)


("C:\Program Files\MiKTeX 2.9\tex\generic\oberdiek\hobsub-generic.sty"
Package: hobsub-generic 2016/05/16 v1.14 Bundle oberdiek, subset generic (HO)
Package: hobsub 2016/05/16 v1.14 Construct package bundles (HO)
Package hobsub Info: Skipping package `infwarerr' (already loaded).
Package hobsub Info: Skipping package `ltxcmds' (already loaded).
Package: ifluatex 2016/05/16 v1.4 Provides the ifluatex switch (HO)
Package ifluatex Info: LuaTeX not detected.
Package hobsub Info: Skipping package `ifvtex' (already loaded).
Package: intcalc 2016/05/16 v1.2 Expandable calculations with integers (HO)
Package hobsub Info: Skipping package `ifpdf' (already loaded).
Package: etexcmds 2016/05/16 v1.6 Avoid name clashes with e-TeX commands (HO)
Package etexcmds Info: Could not find \expanded.
(etexcmds)             That can mean that you are not using pdfTeX 1.50 or
(etexcmds)             that some package has redefined \expanded.
(etexcmds)             In the latter case, load this package earlier.
Package: kvsetkeys 2016/05/16 v1.17 Key value parser (HO)
Package: kvdefinekeys 2016/05/16 v1.4 Define keys (HO)
Package: pdftexcmds 2016/05/21 v0.22 Utility functions of pdfTeX for LuaTeX (HO
)
Package pdftexcmds Info: LuaTeX not detected.
Package pdftexcmds Info: \pdf@primitive is available.
Package pdftexcmds Info: \pdf@ifprimitive is available.
Package pdftexcmds Info: \pdfdraftmode found.
Package: pdfescape 2016/05/16 v1.14 Implements pdfTeX's escape features (HO)
Package: bigintcalc 2016/05/16 v1.4 Expandable calculations on big integers (HO
)
Package: bitset 2016/05/16 v1.2 Handle bit-vector datatype (HO)
Package: uniquecounter 2016/05/16 v1.3 Provide unlimited unique counter (HO)
)
Package hobsub Info: Skipping package `hobsub' (already loaded).
Package: letltxmacro 2016/05/16 v1.5 Let assignment for LaTeX macros (HO)
Package: hopatch 2016/05/16 v1.3 Wrapper for package hooks (HO)
Package: xcolor-patch 2016/05/16 xcolor patch
Package: atveryend 2016/05/16 v1.9 Hooks at the very end of document (HO)
Package atveryend Info: \enddocument detected (standard20110627).
Package hobsub Info: Skipping package `atbegshi' (already loaded).
Package: refcount 2016/05/16 v3.5 Data extraction from label references (HO)
Package: hycolor 2016/05/16 v1.8 Color options for hyperref/bookmark (HO)
)
("C:\Program Files\MiKTeX 2.9\tex\latex\oberdiek\auxhook.sty"
Package: auxhook 2016/05/16 v1.4 Hooks for auxiliary files (HO)
)
("C:\Program Files\MiKTeX 2.9\tex\latex\oberdiek\kvoptions.sty"
Package: kvoptions 2016/05/16 v3.12 Key value format for package options (HO)
)
\@linkdim=\dimen306
\Hy@linkcounter=\count173
\Hy@pagecounter=\count174

("C:\Program Files\MiKTeX 2.9\tex\latex\hyperref\pd1enc.def"
File: pd1enc.def 2016/06/24 v6.83q Hyperref: PDFDocEncoding definition (HO)
)
\Hy@SavedSpaceFactor=\count175

("C:\Program Files\MiKTeX 2.9\tex\latex\00miktex\hyperref.cfg"
File: hyperref.cfg 2002/06/06 v1.2 hyperref configuration of TeXLive
)
Package hyperref Info: Hyper figures OFF on input line 4486.
Package hyperref Info: Link nesting OFF on input line 4491.
Package hyperref Info: Hyper index ON on input line 4494.
Package hyperref Info: Plain pages OFF on input line 4501.
Package hyperref Info: Backreferencing OFF on input line 4506.
Package hyperref Info: Implicit mode ON; LaTeX internals redefined.
Package hyperref Info: Bookmarks ON on input line 4735.
\c@Hy@tempcnt=\count176

("C:\Program Files\MiKTeX 2.9\tex\latex\url\url.sty"
\Urlmuskip=\muskip10
Package: url 2013/09/16  ver 3.4  Verb mode for urls, etc.
)
LaTeX Info: Redefining \url on input line 5088.
\XeTeXLinkMargin=\dimen307
\Fld@menulength=\count177
\Field@Width=\dimen308
\Fld@charsize=\dimen309
Package hyperref Info: Hyper figures OFF on input line 6342.
Package hyperref Info: Link nesting OFF on input line 6347.
Package hyperref Info: Hyper index ON on input line 6350.
Package hyperref Info: backreferencing OFF on input line 6357.
Package hyperref Info: Link coloring OFF on input line 6362.
Package hyperref Info: Link coloring with OCG OFF on input line 6367.
Package hyperref Info: PDF/A mode OFF on input line 6372.
LaTeX Info: Redefining \ref on input line 6412.
LaTeX Info: Redefining \pageref on input line 6416.
\Hy@abspage=\count178
\c@Item=\count179
\c@Hfootnote=\count180
)

Package hyperref Message: Driver (autodetected): hpdftex.

("C:\Program Files\MiKTeX 2.9\tex\latex\hyperref\hpdftex.def"
File: hpdftex.def 2016/06/24 v6.83q Hyperref driver for pdfTeX
\Fld@listcount=\count181
\c@bookmark@seq@number=\count182

("C:\Program Files\MiKTeX 2.9\tex\latex\oberdiek\rerunfilecheck.sty"
Package: rerunfilecheck 2016/05/16 v1.8 Rerun checks for auxiliary files (HO)
Package uniquecounter Info: New unique counter `rerunfilecheck' on input line 2
82.
)
\Hy@SectionHShift=\skip55
)
(FinalReport27.aux)
\openout1 = `FinalReport27.aux'.

LaTeX Font Info:    Checking defaults for OML/cmm/m/it on input line 32.
LaTeX Font Info:    ... okay on input line 32.
LaTeX Font Info:    Checking defaults for T1/cmr/m/n on input line 32.
LaTeX Font Info:    ... okay on input line 32.
LaTeX Font Info:    Checking defaults for OT1/cmr/m/n on input line 32.
LaTeX Font Info:    ... okay on input line 32.
LaTeX Font Info:    Checking defaults for OMS/cmsy/m/n on input line 32.
LaTeX Font Info:    ... okay on input line 32.
LaTeX Font Info:    Checking defaults for OMX/cmex/m/n on input line 32.
LaTeX Font Info:    ... okay on input line 32.
LaTeX Font Info:    Checking defaults for U/cmr/m/n on input line 32.
LaTeX Font Info:    ... okay on input line 32.
LaTeX Font Info:    Checking defaults for PD1/pdf/m/n on input line 32.
LaTeX Font Info:    ... okay on input line 32.

-- Lines per column: 38 (approximate, difference = 8.56499pt).
*geometry* driver: auto-detecting
*geometry* detected driver: pdftex
*geometry* verbose mode - [ preamble ] result:
* driver: pdftex
* paper: letterpaper
* layout: <same size as paper>
* layoutoffset:(h,v)=(0.0pt,0.0pt)
* modes: 
* h-part:(L,W,R)=(54.2025pt, 505.89pt, 54.2025pt)
* v-part:(T,H,B)=(54.2025pt, 686.56499pt, 54.2025pt)
* \paperwidth=614.295pt
* \paperheight=794.96999pt
* \textwidth=505.89pt
* \textheight=686.56499pt
* \oddsidemargin=-18.06749pt
* \evensidemargin=-18.06749pt
* \topmargin=-56.94075pt
* \headheight=12.0pt
* \headsep=26.87326pt
* \topskip=12.0pt
* \footskip=38.27646pt
* \marginparwidth=20.0pt
* \marginparsep=10.0pt
* \columnsep=12.0pt
* \skip\footins=16.19989pt plus 7.19989pt minus 3.59995pt
* \hoffset=0.0pt
* \voffset=0.0pt
* \mag=1000
* \@twocolumnfalse
* \@twosidefalse
* \@mparswitchfalse
* \@reversemarginfalse
* (1in=72.27pt=25.4mm, 1cm=28.453pt)

\c@lstlisting=\count183
("C:\Program Files\MiKTeX 2.9\tex\context\base\supp-pdf.mkii"
[Loading MPS to PDF converter (version 2006.09.02).]
\scratchcounter=\count184
\scratchdimen=\dimen310
\scratchbox=\box58
\nofMPsegments=\count185
\nofMParguments=\count186
\everyMPshowfont=\toks47
\MPscratchCnt=\count187
\MPscratchDim=\dimen311
\MPnumerator=\count188
\makeMPintoPDFobject=\count189
\everyMPtoPDFconversion=\toks48
) ("C:\Program Files\MiKTeX 2.9\tex\latex\oberdiek\epstopdf-base.sty"
Package: epstopdf-base 2016/05/15 v2.6 Base part for package epstopdf

("C:\Program Files\MiKTeX 2.9\tex\latex\oberdiek\grfext.sty"
Package: grfext 2016/05/16 v1.2 Manage graphics extensions (HO)
)
Package epstopdf-base Info: Redefining graphics rule for `.eps' on input line 4
38.
Package grfext Info: Graphics extension search list:
(grfext)             [.png,.pdf,.jpg,.mps,.jpeg,.jbig2,.jb2,.PNG,.PDF,.JPG,.JPE
G,.JBIG2,.JB2,.eps]
(grfext)             \AppendGraphicsExtensions on input line 456.
)
Package caption Info: Begin \AtBeginDocument code.
Package caption Info: float package is loaded.
Package caption Info: hyperref package is loaded.
Package caption Info: End \AtBeginDocument code.
\AtBeginShipoutBox=\box59

("C:\Program Files\MiKTeX 2.9\tex\latex\oberdiek\pdflscape.sty"
Package: pdflscape 2016/05/14 v0.11 Display of landscape pages in PDF (HO)

("C:\Program Files\MiKTeX 2.9\tex\latex\graphics\lscape.sty"
Package: lscape 2000/10/22 v3.01 Landscape Pages (DPC)
)
Package pdflscape Info: Auto-detected driver: pdftex on input line 81.
)
ABD: EveryShipout initializing macros
Package hyperref Info: Link coloring OFF on input line 32.

("C:\Program Files\MiKTeX 2.9\tex\latex\hyperref\nameref.sty"
Package: nameref 2016/05/21 v2.44 Cross-referencing by name of section

("C:\Program Files\MiKTeX 2.9\tex\generic\oberdiek\gettitlestring.sty"
Package: gettitlestring 2016/05/16 v1.5 Cleanup title references (HO)
)
\c@section@level=\count190
)
LaTeX Info: Redefining \ref on input line 32.
LaTeX Info: Redefining \pageref on input line 32.
LaTeX Info: Redefining \nameref on input line 32.

(FinalReport27.out) (FinalReport27.out)
\@outlinefile=\write4
\openout4 = `FinalReport27.out'.

 [0
Non-PDF special ignored!
Non-PDF special ignored!
Non-PDF special ignored!
Non-PDF special ignored!{C:/ProgramData/MiKTeX/2.9/pdftex/config/pdftex.map}
Non-PDF special ignored!
Non-PDF special ignored!
Non-PDF special ignored!] (FinalReport27.toc)
\tf@toc=\write5
\openout5 = `FinalReport27.toc'.

 [1]
<requirements/srs.pdf, id=78, 614.295pt x 794.97pt>
File: requirements/srs.pdf Graphic file (type pdf)
 <use requirements/srs.pdf>
Package pdftex.def Info: requirements/srs.pdf used on input line 50.
(pdftex.def)             Requested size: 614.29349pt x 794.96806pt.
File: requirements/srs.pdf Graphic file (type pdf)

<use requirements/srs.pdf>
Package pdftex.def Info: requirements/srs.pdf used on input line 50.
(pdftex.def)             Requested size: 614.29349pt x 794.96806pt.

<requirements/srs.pdf, id=81, page=1, 614.295pt x 794.97pt>
File: requirements/srs.pdf Graphic file (type pdf)

<use requirements/srs.pdf, page 1>
Package pdftex.def Info: requirements/srs.pdf, page1 used on input line 50.
(pdftex.def)             Requested size: 614.29349pt x 794.96806pt.
File: requirements/srs.pdf Graphic file (type pdf)
 <use requirements/srs.pdf, page 1>
Package pdftex.def Info: requirements/srs.pdf, page1 used on input line 50.
(pdftex.def)             Requested size: 614.58406pt x 795.3441pt.
 [2

]
File: requirements/srs.pdf Graphic file (type pdf)

<use requirements/srs.pdf, page 1>
Package pdftex.def Info: requirements/srs.pdf, page1 used on input line 50.
(pdftex.def)             Requested size: 614.58406pt x 795.3441pt.
File: requirements/srs.pdf Graphic file (type pdf)
 <use requirements/srs.pdf, page 1>
Package pdftex.def Info: requirements/srs.pdf, page1 used on input line 50.
(pdftex.def)             Requested size: 614.58406pt x 795.3441pt.
File: requirements/srs.pdf Graphic file (type pdf)

<use requirements/srs.pdf, page 1>
Package pdftex.def Info: requirements/srs.pdf, page1 used on input line 50.
(pdftex.def)             Requested size: 614.58406pt x 795.3441pt.
 [3 <./requirements/srs.pdf>]
<requirements/srs.pdf, id=101, page=2, 614.295pt x 794.97pt>
File: requirements/srs.pdf Graphic file (type pdf)

<use requirements/srs.pdf, page 2>
Package pdftex.def Info: requirements/srs.pdf, page2 used on input line 50.
(pdftex.def)             Requested size: 614.58406pt x 795.3441pt.
File: requirements/srs.pdf Graphic file (type pdf)
 <use requirements/srs.pdf, page 2>
Package pdftex.def Info: requirements/srs.pdf, page2 used on input line 50.
(pdftex.def)             Requested size: 614.58406pt x 795.3441pt.
File: requirements/srs.pdf Graphic file (type pdf)

<use requirements/srs.pdf, page 2>
Package pdftex.def Info: requirements/srs.pdf, page2 used on input line 50.
(pdftex.def)             Requested size: 614.58406pt x 795.3441pt.
 [4 <./requirements/srs.pdf>]
<requirements/srs.pdf, id=106, page=3, 614.295pt x 794.97pt>
File: requirements/srs.pdf Graphic file (type pdf)

<use requirements/srs.pdf, page 3>
Package pdftex.def Info: requirements/srs.pdf, page3 used on input line 50.
(pdftex.def)             Requested size: 614.58406pt x 795.3441pt.
File: requirements/srs.pdf Graphic file (type pdf)
 <use requirements/srs.pdf, page 3>
Package pdftex.def Info: requirements/srs.pdf, page3 used on input line 50.
(pdftex.def)             Requested size: 614.58406pt x 795.3441pt.
File: requirements/srs.pdf Graphic file (type pdf)

<use requirements/srs.pdf, page 3>
Package pdftex.def Info: requirements/srs.pdf, page3 used on input line 50.
(pdftex.def)             Requested size: 614.58406pt x 795.3441pt.
 [5 <./requirements/srs.pdf>]
<requirements/srs.pdf, id=111, page=4, 614.295pt x 794.97pt>
File: requirements/srs.pdf Graphic file (type pdf)

<use requirements/srs.pdf, page 4>
Package pdftex.def Info: requirements/srs.pdf, page4 used on input line 50.
(pdftex.def)             Requested size: 614.58406pt x 795.3441pt.
File: requirements/srs.pdf Graphic file (type pdf)
 <use requirements/srs.pdf, page 4>
Package pdftex.def Info: requirements/srs.pdf, page4 used on input line 50.
(pdftex.def)             Requested size: 614.58406pt x 795.3441pt.
File: requirements/srs.pdf Graphic file (type pdf)

<use requirements/srs.pdf, page 4>
Package pdftex.def Info: requirements/srs.pdf, page4 used on input line 50.
(pdftex.def)             Requested size: 614.58406pt x 795.3441pt.
 [6 <./requirements/srs.pdf>]
<requirements/srs.pdf, id=117, page=5, 614.295pt x 794.97pt>
File: requirements/srs.pdf Graphic file (type pdf)

<use requirements/srs.pdf, page 5>
Package pdftex.def Info: requirements/srs.pdf, page5 used on input line 50.
(pdftex.def)             Requested size: 614.58406pt x 795.3441pt.
File: requirements/srs.pdf Graphic file (type pdf)
 <use requirements/srs.pdf, page 5>
Package pdftex.def Info: requirements/srs.pdf, page5 used on input line 50.
(pdftex.def)             Requested size: 614.58406pt x 795.3441pt.
File: requirements/srs.pdf Graphic file (type pdf)

<use requirements/srs.pdf, page 5>
Package pdftex.def Info: requirements/srs.pdf, page5 used on input line 50.
(pdftex.def)             Requested size: 614.58406pt x 795.3441pt.
 [7 <./requirements/srs.pdf>]
<requirements/srs.pdf, id=122, page=6, 614.295pt x 794.97pt>
File: requirements/srs.pdf Graphic file (type pdf)

<use requirements/srs.pdf, page 6>
Package pdftex.def Info: requirements/srs.pdf, page6 used on input line 50.
(pdftex.def)             Requested size: 614.58406pt x 795.3441pt.
File: requirements/srs.pdf Graphic file (type pdf)
 <use requirements/srs.pdf, page 6>
Package pdftex.def Info: requirements/srs.pdf, page6 used on input line 50.
(pdftex.def)             Requested size: 614.58406pt x 795.3441pt.
File: requirements/srs.pdf Graphic file (type pdf)

<use requirements/srs.pdf, page 6>
Package pdftex.def Info: requirements/srs.pdf, page6 used on input line 50.
(pdftex.def)             Requested size: 614.58406pt x 795.3441pt.
 [8 <./requirements/srs.pdf>]
<requirements/srs.pdf, id=132, page=7, 614.295pt x 794.97pt>
File: requirements/srs.pdf Graphic file (type pdf)

<use requirements/srs.pdf, page 7>
Package pdftex.def Info: requirements/srs.pdf, page7 used on input line 50.
(pdftex.def)             Requested size: 614.58406pt x 795.3441pt.
File: requirements/srs.pdf Graphic file (type pdf)
 <use requirements/srs.pdf, page 7>
Package pdftex.def Info: requirements/srs.pdf, page7 used on input line 50.
(pdftex.def)             Requested size: 614.58406pt x 795.3441pt.
File: requirements/srs.pdf Graphic file (type pdf)

<use requirements/srs.pdf, page 7>
Package pdftex.def Info: requirements/srs.pdf, page7 used on input line 50.
(pdftex.def)             Requested size: 614.58406pt x 795.3441pt.
 [9 <./requirements/srs.pdf>]
<requirements/srs.pdf, id=137, page=8, 614.295pt x 794.97pt>
File: requirements/srs.pdf Graphic file (type pdf)

<use requirements/srs.pdf, page 8>
Package pdftex.def Info: requirements/srs.pdf, page8 used on input line 50.
(pdftex.def)             Requested size: 614.58406pt x 795.3441pt.
File: requirements/srs.pdf Graphic file (type pdf)
 <use requirements/srs.pdf, page 8>
Package pdftex.def Info: requirements/srs.pdf, page8 used on input line 50.
(pdftex.def)             Requested size: 614.58406pt x 795.3441pt.
File: requirements/srs.pdf Graphic file (type pdf)

<use requirements/srs.pdf, page 8>
Package pdftex.def Info: requirements/srs.pdf, page8 used on input line 50.
(pdftex.def)             Requested size: 614.58406pt x 795.3441pt.
 [10 <./requirements/srs.pdf>]
<requirements/srs.pdf, id=142, page=9, 794.97pt x 614.295pt>
File: requirements/srs.pdf Graphic file (type pdf)

<use requirements/srs.pdf, page 9>
Package pdftex.def Info: requirements/srs.pdf, page9 used on input line 50.
(pdftex.def)             Requested size: 795.3441pt x 614.58406pt.
File: requirements/srs.pdf Graphic file (type pdf)
 <use requirements/srs.pdf, page 9>
Package pdftex.def Info: requirements/srs.pdf, page9 used on input line 50.
(pdftex.def)             Requested size: 795.3441pt x 614.58406pt.
File: requirements/srs.pdf Graphic file (type pdf)

<use requirements/srs.pdf, page 9>
Package pdftex.def Info: requirements/srs.pdf, page9 used on input line 50.
(pdftex.def)             Requested size: 795.3441pt x 614.58406pt.
 [11 <./requirements/srs.pdf, page is rotated 90 degrees>] <requirements/srs.pd
f, id=147, page=10, 614.295pt x 794.97pt>
File: requirements/srs.pdf Graphic file (type pdf)

<use requirements/srs.pdf, page 10>
Package pdftex.def Info: requirements/srs.pdf, page10 used on input line 50.
(pdftex.def)             Requested size: 614.58406pt x 795.3441pt.
File: requirements/srs.pdf Graphic file (type pdf)
 <use requirements/srs.pdf, page 10>
Package pdftex.def Info: requirements/srs.pdf, page10 used on input line 50.
(pdftex.def)             Requested size: 614.58406pt x 795.3441pt.
File: requirements/srs.pdf Graphic file (type pdf)

<use requirements/srs.pdf, page 10>
Package pdftex.def Info: requirements/srs.pdf, page10 used on input line 50.
(pdftex.def)             Requested size: 614.58406pt x 795.3441pt.
 [12 <./requirements/srs.pdf>]
<DesignDoc/design.pdf, id=158, 614.295pt x 794.97pt>
File: DesignDoc/design.pdf Graphic file (type pdf)

<use DesignDoc/design.pdf>
Package pdftex.def Info: DesignDoc/design.pdf used on input line 53.
(pdftex.def)             Requested size: 614.29349pt x 794.96806pt.
File: DesignDoc/design.pdf Graphic file (type pdf)
 <use DesignDoc/design.pdf>
Package pdftex.def Info: DesignDoc/design.pdf used on input line 53.
(pdftex.def)             Requested size: 614.29349pt x 794.96806pt.

<DesignDoc/design.pdf, id=161, page=1, 614.295pt x 794.97pt>
File: DesignDoc/design.pdf Graphic file (type pdf)

<use DesignDoc/design.pdf, page 1>
Package pdftex.def Info: DesignDoc/design.pdf, page1 used on input line 53.
(pdftex.def)             Requested size: 614.29349pt x 794.96806pt.
File: DesignDoc/design.pdf Graphic file (type pdf)
 <use DesignDoc/design.pdf, page 1>
Package pdftex.def Info: DesignDoc/design.pdf, page1 used on input line 53.
(pdftex.def)             Requested size: 614.58406pt x 795.3441pt.
 [13]
File: DesignDoc/design.pdf Graphic file (type pdf)

<use DesignDoc/design.pdf, page 1>
Package pdftex.def Info: DesignDoc/design.pdf, page1 used on input line 53.
(pdftex.def)             Requested size: 614.58406pt x 795.3441pt.
File: DesignDoc/design.pdf Graphic file (type pdf)
 <use DesignDoc/design.pdf, page 1>
Package pdftex.def Info: DesignDoc/design.pdf, page1 used on input line 53.
(pdftex.def)             Requested size: 614.58406pt x 795.3441pt.
File: DesignDoc/design.pdf Graphic file (type pdf)

<use DesignDoc/design.pdf, page 1>
Package pdftex.def Info: DesignDoc/design.pdf, page1 used on input line 53.
(pdftex.def)             Requested size: 614.58406pt x 795.3441pt.
 [14 <./DesignDoc/design.pdf>]
<DesignDoc/design.pdf, id=181, page=2, 614.295pt x 794.97pt>
File: DesignDoc/design.pdf Graphic file (type pdf)

<use DesignDoc/design.pdf, page 2>
Package pdftex.def Info: DesignDoc/design.pdf, page2 used on input line 53.
(pdftex.def)             Requested size: 614.58406pt x 795.3441pt.
File: DesignDoc/design.pdf Graphic file (type pdf)
 <use DesignDoc/design.pdf, page 2>
Package pdftex.def Info: DesignDoc/design.pdf, page2 used on input line 53.
(pdftex.def)             Requested size: 614.58406pt x 795.3441pt.
File: DesignDoc/design.pdf Graphic file (type pdf)

<use DesignDoc/design.pdf, page 2>
Package pdftex.def Info: DesignDoc/design.pdf, page2 used on input line 53.
(pdftex.def)             Requested size: 614.58406pt x 795.3441pt.
 [15 <./DesignDoc/design.pdf>]
<DesignDoc/design.pdf, id=186, page=3, 614.295pt x 794.97pt>
File: DesignDoc/design.pdf Graphic file (type pdf)

<use DesignDoc/design.pdf, page 3>
Package pdftex.def Info: DesignDoc/design.pdf, page3 used on input line 53.
(pdftex.def)             Requested size: 614.58406pt x 795.3441pt.
File: DesignDoc/design.pdf Graphic file (type pdf)
 <use DesignDoc/design.pdf, page 3>
Package pdftex.def Info: DesignDoc/design.pdf, page3 used on input line 53.
(pdftex.def)             Requested size: 614.58406pt x 795.3441pt.
File: DesignDoc/design.pdf Graphic file (type pdf)

<use DesignDoc/design.pdf, page 3>
Package pdftex.def Info: DesignDoc/design.pdf, page3 used on input line 53.
(pdftex.def)             Requested size: 614.58406pt x 795.3441pt.
 [16 <./DesignDoc/design.pdf>]
<DesignDoc/design.pdf, id=191, page=4, 614.295pt x 794.97pt>
File: DesignDoc/design.pdf Graphic file (type pdf)

<use DesignDoc/design.pdf, page 4>
Package pdftex.def Info: DesignDoc/design.pdf, page4 used on input line 53.
(pdftex.def)             Requested size: 614.58406pt x 795.3441pt.
File: DesignDoc/design.pdf Graphic file (type pdf)
 <use DesignDoc/design.pdf, page 4>
Package pdftex.def Info: DesignDoc/design.pdf, page4 used on input line 53.
(pdftex.def)             Requested size: 614.58406pt x 795.3441pt.
File: DesignDoc/design.pdf Graphic file (type pdf)

<use DesignDoc/design.pdf, page 4>
Package pdftex.def Info: DesignDoc/design.pdf, page4 used on input line 53.
(pdftex.def)             Requested size: 614.58406pt x 795.3441pt.
 [17 <./DesignDoc/design.pdf>]
<DesignDoc/design.pdf, id=196, page=5, 614.295pt x 794.97pt>
File: DesignDoc/design.pdf Graphic file (type pdf)

<use DesignDoc/design.pdf, page 5>
Package pdftex.def Info: DesignDoc/design.pdf, page5 used on input line 53.
(pdftex.def)             Requested size: 614.58406pt x 795.3441pt.
File: DesignDoc/design.pdf Graphic file (type pdf)
 <use DesignDoc/design.pdf, page 5>
Package pdftex.def Info: DesignDoc/design.pdf, page5 used on input line 53.
(pdftex.def)             Requested size: 614.58406pt x 795.3441pt.
File: DesignDoc/design.pdf Graphic file (type pdf)

<use DesignDoc/design.pdf, page 5>
Package pdftex.def Info: DesignDoc/design.pdf, page5 used on input line 53.
(pdftex.def)             Requested size: 614.58406pt x 795.3441pt.
 [18 <./DesignDoc/design.pdf>]
<DesignDoc/design.pdf, id=202, page=6, 614.295pt x 794.97pt>
File: DesignDoc/design.pdf Graphic file (type pdf)

<use DesignDoc/design.pdf, page 6>
Package pdftex.def Info: DesignDoc/design.pdf, page6 used on input line 53.
(pdftex.def)             Requested size: 614.58406pt x 795.3441pt.
File: DesignDoc/design.pdf Graphic file (type pdf)
 <use DesignDoc/design.pdf, page 6>
Package pdftex.def Info: DesignDoc/design.pdf, page6 used on input line 53.
(pdftex.def)             Requested size: 614.58406pt x 795.3441pt.
File: DesignDoc/design.pdf Graphic file (type pdf)

<use DesignDoc/design.pdf, page 6>
Package pdftex.def Info: DesignDoc/design.pdf, page6 used on input line 53.
(pdftex.def)             Requested size: 614.58406pt x 795.3441pt.
 [19 <./DesignDoc/design.pdf>]
<DesignDoc/design.pdf, id=207, page=7, 614.295pt x 794.97pt>
File: DesignDoc/design.pdf Graphic file (type pdf)

<use DesignDoc/design.pdf, page 7>
Package pdftex.def Info: DesignDoc/design.pdf, page7 used on input line 53.
(pdftex.def)             Requested size: 614.58406pt x 795.3441pt.
File: DesignDoc/design.pdf Graphic file (type pdf)
 <use DesignDoc/design.pdf, page 7>
Package pdftex.def Info: DesignDoc/design.pdf, page7 used on input line 53.
(pdftex.def)             Requested size: 614.58406pt x 795.3441pt.
File: DesignDoc/design.pdf Graphic file (type pdf)

<use DesignDoc/design.pdf, page 7>
Package pdftex.def Info: DesignDoc/design.pdf, page7 used on input line 53.
(pdftex.def)             Requested size: 614.58406pt x 795.3441pt.
 [20 <./DesignDoc/design.pdf>]
<DesignDoc/design.pdf, id=212, page=8, 614.295pt x 794.97pt>
File: DesignDoc/design.pdf Graphic file (type pdf)

<use DesignDoc/design.pdf, page 8>
Package pdftex.def Info: DesignDoc/design.pdf, page8 used on input line 53.
(pdftex.def)             Requested size: 614.58406pt x 795.3441pt.
File: DesignDoc/design.pdf Graphic file (type pdf)
 <use DesignDoc/design.pdf, page 8>
Package pdftex.def Info: DesignDoc/design.pdf, page8 used on input line 53.
(pdftex.def)             Requested size: 614.58406pt x 795.3441pt.
File: DesignDoc/design.pdf Graphic file (type pdf)

<use DesignDoc/design.pdf, page 8>
Package pdftex.def Info: DesignDoc/design.pdf, page8 used on input line 53.
(pdftex.def)             Requested size: 614.58406pt x 795.3441pt.
 [21 <./DesignDoc/design.pdf>]
<DesignDoc/design.pdf, id=217, page=9, 614.295pt x 794.97pt>
File: DesignDoc/design.pdf Graphic file (type pdf)

<use DesignDoc/design.pdf, page 9>
Package pdftex.def Info: DesignDoc/design.pdf, page9 used on input line 53.
(pdftex.def)             Requested size: 614.58406pt x 795.3441pt.
File: DesignDoc/design.pdf Graphic file (type pdf)
 <use DesignDoc/design.pdf, page 9>
Package pdftex.def Info: DesignDoc/design.pdf, page9 used on input line 53.
(pdftex.def)             Requested size: 614.58406pt x 795.3441pt.
File: DesignDoc/design.pdf Graphic file (type pdf)

<use DesignDoc/design.pdf, page 9>
Package pdftex.def Info: DesignDoc/design.pdf, page9 used on input line 53.
(pdftex.def)             Requested size: 614.58406pt x 795.3441pt.
 [22 <./DesignDoc/design.pdf>]
<DesignDoc/design.pdf, id=247, page=10, 614.295pt x 794.97pt>
File: DesignDoc/design.pdf Graphic file (type pdf)

<use DesignDoc/design.pdf, page 10>
Package pdftex.def Info: DesignDoc/design.pdf, page10 used on input line 53.
(pdftex.def)             Requested size: 614.58406pt x 795.3441pt.
File: DesignDoc/design.pdf Graphic file (type pdf)
 <use DesignDoc/design.pdf, page 10>
Package pdftex.def Info: DesignDoc/design.pdf, page10 used on input line 53.
(pdftex.def)             Requested size: 614.58406pt x 795.3441pt.
File: DesignDoc/design.pdf Graphic file (type pdf)

<use DesignDoc/design.pdf, page 10>
Package pdftex.def Info: DesignDoc/design.pdf, page10 used on input line 53.
(pdftex.def)             Requested size: 614.58406pt x 795.3441pt.
 [23 <./DesignDoc/design.pdf>]
<DesignDoc/design.pdf, id=252, page=11, 614.295pt x 794.97pt>
File: DesignDoc/design.pdf Graphic file (type pdf)

<use DesignDoc/design.pdf, page 11>
Package pdftex.def Info: DesignDoc/design.pdf, page11 used on input line 53.
(pdftex.def)             Requested size: 614.58406pt x 795.3441pt.
File: DesignDoc/design.pdf Graphic file (type pdf)
 <use DesignDoc/design.pdf, page 11>
Package pdftex.def Info: DesignDoc/design.pdf, page11 used on input line 53.
(pdftex.def)             Requested size: 614.58406pt x 795.3441pt.
File: DesignDoc/design.pdf Graphic file (type pdf)

<use DesignDoc/design.pdf, page 11>
Package pdftex.def Info: DesignDoc/design.pdf, page11 used on input line 53.
(pdftex.def)             Requested size: 614.58406pt x 795.3441pt.
 [24 <./DesignDoc/design.pdf>]
<DesignDoc/design.pdf, id=263, page=12, 614.295pt x 794.97pt>
File: DesignDoc/design.pdf Graphic file (type pdf)

<use DesignDoc/design.pdf, page 12>
Package pdftex.def Info: DesignDoc/design.pdf, page12 used on input line 53.
(pdftex.def)             Requested size: 614.58406pt x 795.3441pt.
File: DesignDoc/design.pdf Graphic file (type pdf)
 <use DesignDoc/design.pdf, page 12>
Package pdftex.def Info: DesignDoc/design.pdf, page12 used on input line 53.
(pdftex.def)             Requested size: 614.58406pt x 795.3441pt.
File: DesignDoc/design.pdf Graphic file (type pdf)

<use DesignDoc/design.pdf, page 12>
Package pdftex.def Info: DesignDoc/design.pdf, page12 used on input line 53.
(pdftex.def)             Requested size: 614.58406pt x 795.3441pt.
 [25 <./DesignDoc/design.pdf>]
<DesignDoc/design.pdf, id=268, page=13, 614.295pt x 794.97pt>
File: DesignDoc/design.pdf Graphic file (type pdf)

<use DesignDoc/design.pdf, page 13>
Package pdftex.def Info: DesignDoc/design.pdf, page13 used on input line 53.
(pdftex.def)             Requested size: 614.58406pt x 795.3441pt.
File: DesignDoc/design.pdf Graphic file (type pdf)
 <use DesignDoc/design.pdf, page 13>
Package pdftex.def Info: DesignDoc/design.pdf, page13 used on input line 53.
(pdftex.def)             Requested size: 614.58406pt x 795.3441pt.
File: DesignDoc/design.pdf Graphic file (type pdf)

<use DesignDoc/design.pdf, page 13>
Package pdftex.def Info: DesignDoc/design.pdf, page13 used on input line 53.
(pdftex.def)             Requested size: 614.58406pt x 795.3441pt.
 [26 <./DesignDoc/design.pdf>]
<DesignDoc/design.pdf, id=278, page=14, 614.295pt x 794.97pt>
File: DesignDoc/design.pdf Graphic file (type pdf)

<use DesignDoc/design.pdf, page 14>
Package pdftex.def Info: DesignDoc/design.pdf, page14 used on input line 53.
(pdftex.def)             Requested size: 614.58406pt x 795.3441pt.
File: DesignDoc/design.pdf Graphic file (type pdf)
 <use DesignDoc/design.pdf, page 14>
Package pdftex.def Info: DesignDoc/design.pdf, page14 used on input line 53.
(pdftex.def)             Requested size: 614.58406pt x 795.3441pt.
File: DesignDoc/design.pdf Graphic file (type pdf)

<use DesignDoc/design.pdf, page 14>
Package pdftex.def Info: DesignDoc/design.pdf, page14 used on input line 53.
(pdftex.def)             Requested size: 614.58406pt x 795.3441pt.
 [27 <./DesignDoc/design.pdf>]
<TechReview/tech.pdf, id=283, 614.295pt x 794.97pt>
File: TechReview/tech.pdf Graphic file (type pdf)
 <use TechReview/tech.pdf>
Package pdftex.def Info: TechReview/tech.pdf used on input line 55.
(pdftex.def)             Requested size: 614.29349pt x 794.96806pt.
File: TechReview/tech.pdf Graphic file (type pdf)

<use TechReview/tech.pdf>
Package pdftex.def Info: TechReview/tech.pdf used on input line 55.
(pdftex.def)             Requested size: 614.29349pt x 794.96806pt.

<TechReview/tech.pdf, id=286, page=1, 614.295pt x 794.97pt>
File: TechReview/tech.pdf Graphic file (type pdf)

<use TechReview/tech.pdf, page 1>
Package pdftex.def Info: TechReview/tech.pdf, page1 used on input line 55.
(pdftex.def)             Requested size: 614.29349pt x 794.96806pt.
File: TechReview/tech.pdf Graphic file (type pdf)
 <use TechReview/tech.pdf, page 1>
Package pdftex.def Info: TechReview/tech.pdf, page1 used on input line 55.
(pdftex.def)             Requested size: 614.58406pt x 795.3441pt.
 [28]
File: TechReview/tech.pdf Graphic file (type pdf)

<use TechReview/tech.pdf, page 1>
Package pdftex.def Info: TechReview/tech.pdf, page1 used on input line 55.
(pdftex.def)             Requested size: 614.58406pt x 795.3441pt.
File: TechReview/tech.pdf Graphic file (type pdf)
 <use TechReview/tech.pdf, page 1>
Package pdftex.def Info: TechReview/tech.pdf, page1 used on input line 55.
(pdftex.def)             Requested size: 614.58406pt x 795.3441pt.
File: TechReview/tech.pdf Graphic file (type pdf)

<use TechReview/tech.pdf, page 1>
Package pdftex.def Info: TechReview/tech.pdf, page1 used on input line 55.
(pdftex.def)             Requested size: 614.58406pt x 795.3441pt.
 [29 <./TechReview/tech.pdf>]
<TechReview/tech.pdf, id=302, page=2, 614.295pt x 794.97pt>
File: TechReview/tech.pdf Graphic file (type pdf)

<use TechReview/tech.pdf, page 2>
Package pdftex.def Info: TechReview/tech.pdf, page2 used on input line 55.
(pdftex.def)             Requested size: 614.58406pt x 795.3441pt.
File: TechReview/tech.pdf Graphic file (type pdf)
 <use TechReview/tech.pdf, page 2>
Package pdftex.def Info: TechReview/tech.pdf, page2 used on input line 55.
(pdftex.def)             Requested size: 614.58406pt x 795.3441pt.
File: TechReview/tech.pdf Graphic file (type pdf)

<use TechReview/tech.pdf, page 2>
Package pdftex.def Info: TechReview/tech.pdf, page2 used on input line 55.
(pdftex.def)             Requested size: 614.58406pt x 795.3441pt.
 [30 <./TechReview/tech.pdf>]
<TechReview/tech.pdf, id=308, page=3, 614.295pt x 794.97pt>
File: TechReview/tech.pdf Graphic file (type pdf)

<use TechReview/tech.pdf, page 3>
Package pdftex.def Info: TechReview/tech.pdf, page3 used on input line 55.
(pdftex.def)             Requested size: 614.58406pt x 795.3441pt.
File: TechReview/tech.pdf Graphic file (type pdf)
 <use TechReview/tech.pdf, page 3>
Package pdftex.def Info: TechReview/tech.pdf, page3 used on input line 55.
(pdftex.def)             Requested size: 614.58406pt x 795.3441pt.
File: TechReview/tech.pdf Graphic file (type pdf)

<use TechReview/tech.pdf, page 3>
Package pdftex.def Info: TechReview/tech.pdf, page3 used on input line 55.
(pdftex.def)             Requested size: 614.58406pt x 795.3441pt.
 [31 <./TechReview/tech.pdf>]
<TechReview/tech.pdf, id=313, page=4, 614.295pt x 794.97pt>
File: TechReview/tech.pdf Graphic file (type pdf)

<use TechReview/tech.pdf, page 4>
Package pdftex.def Info: TechReview/tech.pdf, page4 used on input line 55.
(pdftex.def)             Requested size: 614.58406pt x 795.3441pt.
File: TechReview/tech.pdf Graphic file (type pdf)
 <use TechReview/tech.pdf, page 4>
Package pdftex.def Info: TechReview/tech.pdf, page4 used on input line 55.
(pdftex.def)             Requested size: 614.58406pt x 795.3441pt.
File: TechReview/tech.pdf Graphic file (type pdf)

<use TechReview/tech.pdf, page 4>
Package pdftex.def Info: TechReview/tech.pdf, page4 used on input line 55.
(pdftex.def)             Requested size: 614.58406pt x 795.3441pt.
 [32 <./TechReview/tech.pdf>]
<TechReview/tech.pdf, id=321, page=5, 614.295pt x 794.97pt>
File: TechReview/tech.pdf Graphic file (type pdf)

<use TechReview/tech.pdf, page 5>
Package pdftex.def Info: TechReview/tech.pdf, page5 used on input line 55.
(pdftex.def)             Requested size: 614.58406pt x 795.3441pt.
File: TechReview/tech.pdf Graphic file (type pdf)
 <use TechReview/tech.pdf, page 5>
Package pdftex.def Info: TechReview/tech.pdf, page5 used on input line 55.
(pdftex.def)             Requested size: 614.58406pt x 795.3441pt.
File: TechReview/tech.pdf Graphic file (type pdf)

<use TechReview/tech.pdf, page 5>
Package pdftex.def Info: TechReview/tech.pdf, page5 used on input line 55.
(pdftex.def)             Requested size: 614.58406pt x 795.3441pt.
 [33 <./TechReview/tech.pdf>]
<TechReview/tech.pdf, id=326, page=6, 614.295pt x 794.97pt>
File: TechReview/tech.pdf Graphic file (type pdf)

<use TechReview/tech.pdf, page 6>
Package pdftex.def Info: TechReview/tech.pdf, page6 used on input line 55.
(pdftex.def)             Requested size: 614.58406pt x 795.3441pt.
File: TechReview/tech.pdf Graphic file (type pdf)
 <use TechReview/tech.pdf, page 6>
Package pdftex.def Info: TechReview/tech.pdf, page6 used on input line 55.
(pdftex.def)             Requested size: 614.58406pt x 795.3441pt.
File: TechReview/tech.pdf Graphic file (type pdf)

<use TechReview/tech.pdf, page 6>
Package pdftex.def Info: TechReview/tech.pdf, page6 used on input line 55.
(pdftex.def)             Requested size: 614.58406pt x 795.3441pt.
 [34 <./TechReview/tech.pdf>]
<TechReview/tech.pdf, id=334, page=7, 614.295pt x 794.97pt>
File: TechReview/tech.pdf Graphic file (type pdf)

<use TechReview/tech.pdf, page 7>
Package pdftex.def Info: TechReview/tech.pdf, page7 used on input line 55.
(pdftex.def)             Requested size: 614.58406pt x 795.3441pt.
File: TechReview/tech.pdf Graphic file (type pdf)
 <use TechReview/tech.pdf, page 7>
Package pdftex.def Info: TechReview/tech.pdf, page7 used on input line 55.
(pdftex.def)             Requested size: 614.58406pt x 795.3441pt.
File: TechReview/tech.pdf Graphic file (type pdf)

<use TechReview/tech.pdf, page 7>
Package pdftex.def Info: TechReview/tech.pdf, page7 used on input line 55.
(pdftex.def)             Requested size: 614.58406pt x 795.3441pt.
 [35 <./TechReview/tech.pdf>]
<TechReview/tech.pdf, id=339, page=8, 614.295pt x 794.97pt>
File: TechReview/tech.pdf Graphic file (type pdf)

<use TechReview/tech.pdf, page 8>
Package pdftex.def Info: TechReview/tech.pdf, page8 used on input line 55.
(pdftex.def)             Requested size: 614.58406pt x 795.3441pt.
File: TechReview/tech.pdf Graphic file (type pdf)
 <use TechReview/tech.pdf, page 8>
Package pdftex.def Info: TechReview/tech.pdf, page8 used on input line 55.
(pdftex.def)             Requested size: 614.58406pt x 795.3441pt.
File: TechReview/tech.pdf Graphic file (type pdf)

<use TechReview/tech.pdf, page 8>
Package pdftex.def Info: TechReview/tech.pdf, page8 used on input line 55.
(pdftex.def)             Requested size: 614.58406pt x 795.3441pt.
 [36 <./TechReview/tech.pdf>]
<TechReview/tech.pdf, id=345, page=9, 614.295pt x 794.97pt>
File: TechReview/tech.pdf Graphic file (type pdf)

<use TechReview/tech.pdf, page 9>
Package pdftex.def Info: TechReview/tech.pdf, page9 used on input line 55.
(pdftex.def)             Requested size: 614.58406pt x 795.3441pt.
File: TechReview/tech.pdf Graphic file (type pdf)
 <use TechReview/tech.pdf, page 9>
Package pdftex.def Info: TechReview/tech.pdf, page9 used on input line 55.
(pdftex.def)             Requested size: 614.58406pt x 795.3441pt.
File: TechReview/tech.pdf Graphic file (type pdf)

<use TechReview/tech.pdf, page 9>
Package pdftex.def Info: TechReview/tech.pdf, page9 used on input line 55.
(pdftex.def)             Requested size: 614.58406pt x 795.3441pt.
 [37 <./TechReview/tech.pdf>]
<TechReview/tech.pdf, id=350, page=10, 614.295pt x 794.97pt>
File: TechReview/tech.pdf Graphic file (type pdf)

<use TechReview/tech.pdf, page 10>
Package pdftex.def Info: TechReview/tech.pdf, page10 used on input line 55.
(pdftex.def)             Requested size: 614.58406pt x 795.3441pt.
File: TechReview/tech.pdf Graphic file (type pdf)
 <use TechReview/tech.pdf, page 10>
Package pdftex.def Info: TechReview/tech.pdf, page10 used on input line 55.
(pdftex.def)             Requested size: 614.58406pt x 795.3441pt.
File: TechReview/tech.pdf Graphic file (type pdf)

<use TechReview/tech.pdf, page 10>
Package pdftex.def Info: TechReview/tech.pdf, page10 used on input line 55.
(pdftex.def)             Requested size: 614.58406pt x 795.3441pt.
 [38 <./TechReview/tech.pdf>]
<TechReview/tech.pdf, id=355, page=11, 614.295pt x 794.97pt>
File: TechReview/tech.pdf Graphic file (type pdf)

<use TechReview/tech.pdf, page 11>
Package pdftex.def Info: TechReview/tech.pdf, page11 used on input line 55.
(pdftex.def)             Requested size: 614.58406pt x 795.3441pt.
File: TechReview/tech.pdf Graphic file (type pdf)
 <use TechReview/tech.pdf, page 11>
Package pdftex.def Info: TechReview/tech.pdf, page11 used on input line 55.
(pdftex.def)             Requested size: 614.58406pt x 795.3441pt.
File: TechReview/tech.pdf Graphic file (type pdf)

<use TechReview/tech.pdf, page 11>
Package pdftex.def Info: TechReview/tech.pdf, page11 used on input line 55.
(pdftex.def)             Requested size: 614.58406pt x 795.3441pt.
 [39 <./TechReview/tech.pdf>]
<TechReview/tech.pdf, id=360, page=12, 614.295pt x 794.97pt>
File: TechReview/tech.pdf Graphic file (type pdf)

<use TechReview/tech.pdf, page 12>
Package pdftex.def Info: TechReview/tech.pdf, page12 used on input line 55.
(pdftex.def)             Requested size: 614.58406pt x 795.3441pt.
File: TechReview/tech.pdf Graphic file (type pdf)
 <use TechReview/tech.pdf, page 12>
Package pdftex.def Info: TechReview/tech.pdf, page12 used on input line 55.
(pdftex.def)             Requested size: 614.58406pt x 795.3441pt.
File: TechReview/tech.pdf Graphic file (type pdf)

<use TechReview/tech.pdf, page 12>
Package pdftex.def Info: TechReview/tech.pdf, page12 used on input line 55.
(pdftex.def)             Requested size: 614.58406pt x 795.3441pt.
 [40 <./TechReview/tech.pdf>]
<TechReview/tech.pdf, id=365, page=13, 614.295pt x 794.97pt>
File: TechReview/tech.pdf Graphic file (type pdf)

<use TechReview/tech.pdf, page 13>
Package pdftex.def Info: TechReview/tech.pdf, page13 used on input line 55.
(pdftex.def)             Requested size: 614.58406pt x 795.3441pt.
File: TechReview/tech.pdf Graphic file (type pdf)
 <use TechReview/tech.pdf, page 13>
Package pdftex.def Info: TechReview/tech.pdf, page13 used on input line 55.
(pdftex.def)             Requested size: 614.58406pt x 795.3441pt.
File: TechReview/tech.pdf Graphic file (type pdf)

<use TechReview/tech.pdf, page 13>
Package pdftex.def Info: TechReview/tech.pdf, page13 used on input line 55.
(pdftex.def)             Requested size: 614.58406pt x 795.3441pt.
 [41 <./TechReview/tech.pdf>]
<TechReview/tech.pdf, id=370, page=14, 614.295pt x 794.97pt>
File: TechReview/tech.pdf Graphic file (type pdf)

<use TechReview/tech.pdf, page 14>
Package pdftex.def Info: TechReview/tech.pdf, page14 used on input line 55.
(pdftex.def)             Requested size: 614.58406pt x 795.3441pt.
File: TechReview/tech.pdf Graphic file (type pdf)
 <use TechReview/tech.pdf, page 14>
Package pdftex.def Info: TechReview/tech.pdf, page14 used on input line 55.
(pdftex.def)             Requested size: 614.58406pt x 795.3441pt.
File: TechReview/tech.pdf Graphic file (type pdf)

<use TechReview/tech.pdf, page 14>
Package pdftex.def Info: TechReview/tech.pdf, page14 used on input line 55.
(pdftex.def)             Requested size: 614.58406pt x 795.3441pt.
 [42 <./TechReview/tech.pdf>]
<TechReview/tech.pdf, id=376, page=15, 614.295pt x 794.97pt>
File: TechReview/tech.pdf Graphic file (type pdf)

<use TechReview/tech.pdf, page 15>
Package pdftex.def Info: TechReview/tech.pdf, page15 used on input line 55.
(pdftex.def)             Requested size: 614.58406pt x 795.3441pt.
File: TechReview/tech.pdf Graphic file (type pdf)
 <use TechReview/tech.pdf, page 15>
Package pdftex.def Info: TechReview/tech.pdf, page15 used on input line 55.
(pdftex.def)             Requested size: 614.58406pt x 795.3441pt.
File: TechReview/tech.pdf Graphic file (type pdf)

<use TechReview/tech.pdf, page 15>
Package pdftex.def Info: TechReview/tech.pdf, page15 used on input line 55.
(pdftex.def)             Requested size: 614.58406pt x 795.3441pt.
 [43 <./TechReview/tech.pdf>] [44]
LaTeX Font Info:    External font `cmex10' loaded for size
(Font)              <7> on input line 73.
LaTeX Font Info:    External font `cmex10' loaded for size
(Font)              <5> on input line 73.
 [1

]pdfTeX warning (ext4): destination with the same identifier (name{page.}) has 
been already used, duplicate ignored
<to be read again> 
                   \relax 
l.85 \end{document}
                    [2]
Package atveryend Info: Empty hook `BeforeClearDocument' on input line 85.
Package atveryend Info: Empty hook `AfterLastShipout' on input line 85.
 (FinalReport27.aux)
Package atveryend Info: Executing hook `AtVeryEndDocument' on input line 85.
Package atveryend Info: Executing hook `AtEndAfterFileList' on input line 85.
Package rerunfilecheck Info: File `FinalReport27.out' has not changed.
(rerunfilecheck)             Checksum: B50B66E1D58234A7CC5DFF7872426FCC;645.
Package atveryend Info: Empty hook `AtVeryVeryEnd' on input line 85.
 ) 
Here is how much of TeX's memory you used:
 23085 strings out of 493333
 428069 string characters out of 3139190
 530232 words of memory out of 3000000
 26175 multiletter control sequences out of 15000+200000
 35174 words of font info for 64 fonts, out of 3000000 for 9000
 1141 hyphenation exceptions out of 8191
 54i,18n,92p,414b,531s stack positions out of 5000i,500n,10000p,200000b,50000s
{C:/Program Files/MiKTeX 2.9/fonts/enc/dvips/base/8r.enc}<C:/Program Files/Mi
KTeX 2.9/fonts/type1/public/amsfonts/cm/cmmi10.pfb><C:/Program Files/MiKTeX 2.9
/fonts/type1/public/amsfonts/cm/cmmi7.pfb><C:/Program Files/MiKTeX 2.9/fonts/ty
pe1/public/amsfonts/cm/cmr10.pfb><C:/Program Files/MiKTeX 2.9/fonts/type1/publi
c/amsfonts/cm/cmsy10.pfb><C:/Program Files/MiKTeX 2.9/fonts/type1/public/amsfon
ts/cm/cmsy6.pfb><C:/Program Files/MiKTeX 2.9/fonts/type1/public/amsfonts/cm/cms
y7.pfb><C:/Program Files/MiKTeX 2.9/fonts/type1/urw/helvetic/uhvb8a.pfb><C:/Pro
gram Files/MiKTeX 2.9/fonts/type1/urw/helvetic/uhvbo8a.pfb><C:/Program Files/Mi
KTeX 2.9/fonts/type1/urw/helvetic/uhvr8a.pfb><C:/Program Files/MiKTeX 2.9/fonts
/type1/urw/helvetic/uhvro8a.pfb><C:/Program Files/MiKTeX 2.9/fonts/type1/urw/ti
mes/utmb8a.pfb><C:/Program Files/MiKTeX 2.9/fonts/type1/urw/times/utmr8a.pfb><C
:/Program Files/MiKTeX 2.9/fonts/type1/urw/times/utmri8a.pfb>
Output written on FinalReport27.pdf (47 pages, 305762 bytes).
PDF statistics:
 432 PDF objects out of 1000 (max. 8388607)
 60 named destinations out of 1000 (max. 500000)
 349 words of extra memory for PDF output out of 10000 (max. 10000000)

