\BOOKMARK [1][-]{section.1}{Introduction}{}% 1
\BOOKMARK [2][-]{subsection.1.1}{Purpose}{section.1}% 2
\BOOKMARK [2][-]{subsection.1.2}{Document Conventions}{section.1}% 3
\BOOKMARK [2][-]{subsection.1.3}{Intended Audience \046 Reading Suggestions}{section.1}% 4
\BOOKMARK [2][-]{subsection.1.4}{Project Scope}{section.1}% 5
\BOOKMARK [1][-]{section.2}{Overall Description}{}% 6
\BOOKMARK [2][-]{subsection.2.1}{Product Perspective}{section.2}% 7
\BOOKMARK [2][-]{subsection.2.2}{Product Functions}{section.2}% 8
\BOOKMARK [2][-]{subsection.2.3}{User Classes \046 Characteristics}{section.2}% 9
\BOOKMARK [2][-]{subsection.2.4}{Operating Environment}{section.2}% 10
\BOOKMARK [2][-]{subsection.2.5}{Design \046 Implementation Constraints}{section.2}% 11
\BOOKMARK [2][-]{subsection.2.6}{User Documentation}{section.2}% 12
\BOOKMARK [2][-]{subsection.2.7}{Assumptions \046 Dependencies}{section.2}% 13
\BOOKMARK [1][-]{section.3}{External Interface Requirements}{}% 14
\BOOKMARK [2][-]{subsection.3.1}{User Interfaces}{section.3}% 15
\BOOKMARK [2][-]{subsection.3.2}{Hardware Interfaces}{section.3}% 16
\BOOKMARK [2][-]{subsection.3.3}{Software Interfaces}{section.3}% 17
\BOOKMARK [2][-]{subsection.3.4}{Communications Interfaces}{section.3}% 18
\BOOKMARK [1][-]{section.4}{System Features}{}% 19
\BOOKMARK [2][-]{subsection.4.1}{Parachute Deployment}{section.4}% 20
\BOOKMARK [3][-]{subsubsection.4.1.1}{Description \046 Priority}{subsection.4.1}% 21
\BOOKMARK [3][-]{subsubsection.4.1.2}{Stimulus/Response Sequences}{subsection.4.1}% 22
\BOOKMARK [3][-]{subsubsection.4.1.3}{Functional Requirements}{subsection.4.1}% 23
\BOOKMARK [2][-]{subsection.4.2}{Transfer Control to Drive Mode}{section.4}% 24
\BOOKMARK [3][-]{subsubsection.4.2.1}{Description \046 Priority}{subsection.4.2}% 25
\BOOKMARK [3][-]{subsubsection.4.2.2}{Stimulus/Response Sequences}{subsection.4.2}% 26
\BOOKMARK [3][-]{subsubsection.4.2.3}{Functional Requirements}{subsection.4.2}% 27
\BOOKMARK [2][-]{subsection.4.3}{Sensor \046 Motor Array Initialization}{section.4}% 28
\BOOKMARK [3][-]{subsubsection.4.3.1}{Description \046 Priority}{subsection.4.3}% 29
\BOOKMARK [3][-]{subsubsection.4.3.2}{Stimulus/Response Sequences}{subsection.4.3}% 30
\BOOKMARK [3][-]{subsubsection.4.3.3}{Functional Requirements}{subsection.4.3}% 31
\BOOKMARK [2][-]{subsection.4.4}{Obstacle Avoidance System}{section.4}% 32
\BOOKMARK [3][-]{subsubsection.4.4.1}{Description \046 Priority}{subsection.4.4}% 33
\BOOKMARK [3][-]{subsubsection.4.4.2}{Stimulus/Response Sequences}{subsection.4.4}% 34
\BOOKMARK [2][-]{subsection.4.5}{Functional Requirements}{section.4}% 35
\BOOKMARK [2][-]{subsection.4.6}{Performance Requirements}{section.4}% 36
\BOOKMARK [2][-]{subsection.4.7}{Safety Requirements}{section.4}% 37
\BOOKMARK [2][-]{subsection.4.8}{Security Requirements}{section.4}% 38
\BOOKMARK [2][-]{subsection.4.9}{Software Quality Attributes}{section.4}% 39
\BOOKMARK [2][-]{subsection.4.10}{Business Rules}{section.4}% 40
\BOOKMARK [1][-]{section.5}{Secondary Requirements}{}% 41
\BOOKMARK [2][-]{subsection.5.1}{Data Visualization}{section.5}% 42
\BOOKMARK [2][-]{subsection.5.2}{Appendix A: Glossary}{section.5}% 43
